[0mGET / [32m200 [0m174.367 ms - 1233[0m
[0mGET /css/style.css [32m200 [0m74.613 ms - 228[0m
[0mGET /favicon.ico [32m200 [0m11.627 ms - 1150[0m
[0mGET /favicon.ico [36m304 [0m5.775 ms - -[0m
[0mGET /inscription [32m200 [0m142.170 ms - 1646[0m
[0mGET /css/style.css [36m304 [0m19.134 ms - -[0m
[0mGET /js/script.js [32m200 [0m21.446 ms - 2027[0m
[0mGET /favicon.ico [36m304 [0m3.093 ms - -[0m
[0mGET /favicon.ico [36m304 [0m1.787 ms - -[0m
[0mPOST /inscription/personnel [36m302 [0m214.372 ms - 68[0m
[0mGET /inscription [32m200 [0m15.313 ms - 1646[0m
[0mGET /css/style.css [36m304 [0m1.994 ms - -[0m
[0mGET /js/script.js [36m304 [0m1.943 ms - -[0m
[0mGET /favicon.ico [36m304 [0m1.802 ms - -[0m
[0mGET /favicon.ico [36m304 [0m2.315 ms - -[0m
[0mGET /admin [32m200 [0m11.914 ms - 1073[0m
[0mGET /css/style.css [36m304 [0m8.955 ms - -[0m
[0mGET /js/script.js [36m304 [0m2.240 ms - -[0m
[0mGET /favicon.ico [36m304 [0m1.976 ms - -[0m
[0mGET /favicon.ico [36m304 [0m1.862 ms - -[0m
[0mPOST /admin/connection [36m302 [0m14.984 ms - 70[0m
[0mGET /admin/status [32m200 [0m28.486 ms - 1139[0m
[0mGET /css/style.css [36m304 [0m4.141 ms - -[0m
[0mGET /favicon.ico [36m304 [0m1.879 ms - -[0m
[0mGET /favicon.ico [36m304 [0m2.268 ms - -[0m
[0mGET / [36m304 [0m19.517 ms - -[0m
[0mGET /css/style.css [36m304 [0m4.612 ms - -[0m
[0mGET /favicon.ico [36m304 [0m6.091 ms - -[0m
[0mGET /favicon.ico [36m304 [0m6.197 ms - -[0m
[0mGET /admin [36m304 [0m11.403 ms - -[0m
[0mGET /js/script.js [36m304 [0m5.088 ms - -[0m
[0mGET /css/style.css [36m304 [0m2.361 ms - -[0m
[0mGET /favicon.ico [36m304 [0m2.464 ms - -[0m
[0mGET /favicon.ico [36m304 [0m2.335 ms - -[0m
[0mGET / [36m304 [0m15.889 ms - -[0m
[0mGET /css/style.css [36m304 [0m2.191 ms - -[0m
[0mGET /favicon.ico [36m304 [0m9.799 ms - -[0m
[0mGET /favicon.ico [36m304 [0m2.256 ms - -[0m
[0mGET /inscription [36m304 [0m8.519 ms - -[0m
[0mGET /css/style.css [36m304 [0m2.298 ms - -[0m
[0mGET /js/script.js [36m304 [0m3.747 ms - -[0m
[0mGET /favicon.ico [36m304 [0m2.341 ms - -[0m
[0mGET /favicon.ico [36m304 [0m3.756 ms - -[0m
[0mPOST /inscription/personnel [36m302 [0m15.377 ms - 68[0m
[0mGET /inscription [32m200 [0m15.273 ms - 1646[0m
[0mGET /css/style.css [36m304 [0m2.257 ms - -[0m
[0mGET /js/script.js [36m304 [0m2.396 ms - -[0m
[0mGET /favicon.ico [36m304 [0m2.078 ms - -[0m
[0mGET /favicon.ico [36m304 [0m9.412 ms - -[0m
[0mGET / [36m304 [0m131.586 ms - -[0m
[0mGET /css/style.css [36m304 [0m18.095 ms - -[0m
[0mGET /favicon.ico [36m304 [0m4.672 ms - -[0m
[0mGET /favicon.ico [36m304 [0m1.985 ms - -[0m
[0mGET /inscription [36m304 [0m25.228 ms - -[0m
[0mGET /css/style.css [36m304 [0m2.477 ms - -[0m
[0mGET /js/script.js [36m304 [0m1.961 ms - -[0m
[0mGET /favicon.ico [36m304 [0m7.646 ms - -[0m
[0mGET /favicon.ico [36m304 [0m2.017 ms - -[0m
[0mPOST /inscription/personnel [36m302 [0m218.405 ms - 68[0m
[0mGET /inscription [32m200 [0m10.484 ms - 1646[0m
[0mGET /css/style.css [36m304 [0m1.927 ms - -[0m
[0mGET /js/script.js [36m304 [0m1.808 ms - -[0m
[0mGET /favicon.ico [36m304 [0m1.888 ms - -[0m
[0mGET /favicon.ico [36m304 [0m1.622 ms - -[0m
[0mGET /admin [36m304 [0m14.120 ms - -[0m
[0mGET /css/style.css [36m304 [0m10.969 ms - -[0m
[0mGET /js/script.js [36m304 [0m14.040 ms - -[0m
[0mGET /favicon.ico [36m304 [0m2.326 ms - -[0m
[0mGET /favicon.ico [36m304 [0m2.270 ms - -[0m
[0mPOST /admin/connection [36m302 [0m13.433 ms - 70[0m
[0mGET /admin/status [32m200 [0m31.850 ms - 1139[0m
[0mGET /css/style.css [36m304 [0m2.570 ms - -[0m
[0mGET /favicon.ico [36m304 [0m2.416 ms - -[0m
[0mGET /favicon.ico [36m304 [0m7.867 ms - -[0m
[0mGET / [36m304 [0m140.686 ms - -[0m
[0mGET /css/style.css [36m304 [0m21.273 ms - -[0m
[0mGET /favicon.ico [36m304 [0m5.241 ms - -[0m
[0mGET /favicon.ico [36m304 [0m2.734 ms - -[0m
[0mGET /admin [36m304 [0m26.692 ms - -[0m
[0mGET /css/style.css [36m304 [0m2.567 ms - -[0m
[0mGET /js/script.js [36m304 [0m2.758 ms - -[0m
[0mGET /favicon.ico [36m304 [0m1.922 ms - -[0m
[0mGET /favicon.ico [36m304 [0m1.910 ms - -[0m
[0mPOST /admin/connection [36m302 [0m194.870 ms - 70[0m
[0mGET /admin/status [32m200 [0m15.522 ms - 1139[0m
[0mGET /css/style.css [36m304 [0m1.868 ms - -[0m
[0mGET /favicon.ico [36m304 [0m4.230 ms - -[0m
[0mGET /favicon.ico [36m304 [0m1.728 ms - -[0m
[0mGET / [36m304 [0m12.703 ms - -[0m
[0mGET /css/style.css [36m304 [0m3.164 ms - -[0m
[0mGET /favicon.ico [36m304 [0m8.279 ms - -[0m
[0mGET /favicon.ico [36m304 [0m7.677 ms - -[0m
[0mGET /inscription [36m304 [0m12.234 ms - -[0m
[0mGET /css/style.css [36m304 [0m9.738 ms - -[0m
[0mGET /js/script.js [36m304 [0m1.973 ms - -[0m
[0mGET /favicon.ico [36m304 [0m1.708 ms - -[0m
[0mGET /favicon.ico [36m304 [0m2.222 ms - -[0m
[0mPOST /inscription/personnel [36m302 [0m35.070 ms - 68[0m
[0mGET /inscription [32m200 [0m13.763 ms - 1646[0m
[0mGET /css/style.css [36m304 [0m6.359 ms - -[0m
[0mGET /js/script.js [36m304 [0m2.447 ms - -[0m
[0mGET /favicon.ico [36m304 [0m1.806 ms - -[0m
[0mGET /favicon.ico [36m304 [0m2.020 ms - -[0m
[0mGET /admin [36m304 [0m8.380 ms - -[0m
[0mGET /css/style.css [36m304 [0m3.634 ms - -[0m
[0mGET /js/script.js [36m304 [0m1.892 ms - -[0m
[0mGET /favicon.ico [36m304 [0m3.234 ms - -[0m
[0mGET /favicon.ico [36m304 [0m2.945 ms - -[0m
[0mGET / [36m304 [0m8.609 ms - -[0m
[0mGET /css/style.css [36m304 [0m4.275 ms - -[0m
[0mGET /favicon.ico [36m304 [0m2.366 ms - -[0m
[0mGET /favicon.ico [36m304 [0m2.253 ms - -[0m
[0mGET /admin [36m304 [0m12.597 ms - -[0m
[0mGET /css/style.css [36m304 [0m3.868 ms - -[0m
[0mGET /js/script.js [36m304 [0m2.366 ms - -[0m
[0mGET /favicon.ico [36m304 [0m2.343 ms - -[0m
[0mGET /favicon.ico [36m304 [0m8.153 ms - -[0m
[0mGET /inscription [36m304 [0m10.984 ms - -[0m
[0mGET /css/style.css [36m304 [0m8.779 ms - -[0m
[0mGET /js/script.js [36m304 [0m2.235 ms - -[0m
[0mGET /favicon.ico [36m304 [0m5.370 ms - -[0m
[0mGET /favicon.ico [36m304 [0m2.047 ms - -[0m
[0mGET / [36m304 [0m8.986 ms - -[0m
[0mGET /css/style.css [36m304 [0m4.913 ms - -[0m
[0mGET /favicon.ico [36m304 [0m2.295 ms - -[0m
[0mGET /favicon.ico [36m304 [0m2.569 ms - -[0m
[0mGET /admin [36m304 [0m12.331 ms - -[0m
[0mGET /css/style.css [36m304 [0m4.329 ms - -[0m
[0mGET /js/script.js [36m304 [0m2.272 ms - -[0m
[0mGET /favicon.ico [36m304 [0m2.231 ms - -[0m
[0mGET /favicon.ico [36m304 [0m1.897 ms - -[0m
[0mPOST /admin/connection [36m302 [0m5.148 ms - 70[0m
[0mGET /admin/status [32m200 [0m11.864 ms - 1139[0m
[0mGET /css/style.css [36m304 [0m1.965 ms - -[0m
[0mGET /favicon.ico [36m304 [0m1.758 ms - -[0m
[0mGET /favicon.ico [36m304 [0m2.286 ms - -[0m
[0mGET / [36m304 [0m8.876 ms - -[0m
[0mGET /css/style.css [36m304 [0m3.276 ms - -[0m
[0mGET /favicon.ico [36m304 [0m3.945 ms - -[0m
[0mGET /favicon.ico [36m304 [0m2.249 ms - -[0m
[0mGET /favicon.ico [36m304 [0m72.488 ms - -[0m
[0mGET /favicon.ico [36m304 [0m8.858 ms - -[0m
[0mGET /inscription [32m200 [0m120.000 ms - 1646[0m
[0mGET /css/style.css [32m200 [0m57.523 ms - 228[0m
[0mGET /js/script.js [32m200 [0m30.407 ms - 2027[0m
[0mGET /favicon.ico [36m304 [0m3.298 ms - -[0m
[0mGET /favicon.ico [36m304 [0m1.881 ms - -[0m
[0mGET /admin [36m304 [0m25.885 ms - -[0m
[0mGET /css/style.css [36m304 [0m5.384 ms - -[0m
[0mGET /js/script.js [36m304 [0m2.322 ms - -[0m
[0mGET /favicon.ico [36m304 [0m2.479 ms - -[0m
[0mGET /favicon.ico [36m304 [0m2.087 ms - -[0m
[0mGET /inscription [36m304 [0m12.084 ms - -[0m
[0mGET /css/style.css [36m304 [0m6.719 ms - -[0m
[0mGET /js/script.js [36m304 [0m6.905 ms - -[0m
[0mGET /favicon.ico [36m304 [0m2.664 ms - -[0m
[0mGET /favicon.ico [36m304 [0m9.211 ms - -[0m
[0mGET / [36m304 [0m21.944 ms - -[0m
[0mGET /css/style.css [36m304 [0m9.143 ms - -[0m
[0mGET /favicon.ico [36m304 [0m3.760 ms - -[0m
[0mGET /favicon.ico [36m304 [0m3.372 ms - -[0m
[0mGET /inscription [36m304 [0m14.835 ms - -[0m
[0mGET /css/style.css [36m304 [0m3.870 ms - -[0m
[0mGET /js/script.js [36m304 [0m5.997 ms - -[0m
[0mGET /favicon.ico [36m304 [0m2.368 ms - -[0m
[0mGET /favicon.ico [36m304 [0m7.844 ms - -[0m
[0mGET /admin [36m304 [0m10.657 ms - -[0m
[0mGET /css/style.css [36m304 [0m2.407 ms - -[0m
[0mGET /js/script.js [36m304 [0m2.220 ms - -[0m
[0mGET /favicon.ico [36m304 [0m2.790 ms - -[0m
[0mGET /favicon.ico [36m304 [0m2.261 ms - -[0m
[0mGET /inscription [36m304 [0m8.464 ms - -[0m
[0mGET /js/script.js [36m304 [0m5.617 ms - -[0m
[0mGET /css/style.css [36m304 [0m2.349 ms - -[0m
[0mGET /favicon.ico [36m304 [0m2.146 ms - -[0m
[0mGET /favicon.ico [36m304 [0m2.134 ms - -[0m
[0mGET / [36m304 [0m12.914 ms - -[0m
[0mGET /css/style.css [36m304 [0m3.393 ms - -[0m
[0mGET /favicon.ico [36m304 [0m2.154 ms - -[0m
[0mGET /favicon.ico [36m304 [0m2.137 ms - -[0m
[0mGET /inscription [36m304 [0m8.349 ms - -[0m
[0mGET /css/style.css [36m304 [0m2.260 ms - -[0m
[0mGET /js/script.js [36m304 [0m2.017 ms - -[0m
[0mGET /favicon.ico [36m304 [0m2.253 ms - -[0m
[0mGET /favicon.ico [36m304 [0m6.571 ms - -[0m
[0mGET /admin [36m304 [0m7.877 ms - -[0m
[0mGET /css/style.css [36m304 [0m3.971 ms - -[0m
[0mGET /js/script.js [36m304 [0m2.027 ms - -[0m
[0mGET /favicon.ico [36m304 [0m2.069 ms - -[0m
[0mGET /favicon.ico [36m304 [0m2.032 ms - -[0m
[0mPOST /admin/connection [36m302 [0m179.564 ms - 70[0m
[0mGET /admin/status [32m200 [0m20.262 ms - 1139[0m
[0mGET /css/style.css [36m304 [0m1.949 ms - -[0m
[0mGET /favicon.ico [36m304 [0m1.787 ms - -[0m
[0mGET /favicon.ico [36m304 [0m6.709 ms - -[0m
