[0mGET / [36m304 [0m147.053 ms - -[0m
[0mGET /css/style.css [36m304 [0m21.003 ms - -[0m
[0mGET /favicon.ico [36m304 [0m59.997 ms - -[0m
[0mGET /favicon.ico [36m304 [0m2.128 ms - -[0m
[0mGET /inscription [36m304 [0m55.852 ms - -[0m
[0mGET /css/style.css [36m304 [0m3.820 ms - -[0m
[0mGET /js/script.js [36m304 [0m1.680 ms - -[0m
[0mGET /favicon.ico [36m304 [0m1.892 ms - -[0m
[0mGET /favicon.ico [36m304 [0m4.391 ms - -[0m
[0mGET /admin [36m304 [0m14.845 ms - -[0m
[0mGET /css/style.css [36m304 [0m2.445 ms - -[0m
[0mGET /favicon.ico [36m304 [0m2.282 ms - -[0m
[0mGET /favicon.ico [36m304 [0m2.441 ms - -[0m
[0mGET /admin/status [36m304 [0m18.749 ms - -[0m
[0mGET /css/style.css [36m304 [0m2.426 ms - -[0m
[0mGET /favicon.ico [36m304 [0m6.020 ms - -[0m
[0mGET /favicon.ico [36m304 [0m2.236 ms - -[0m
[0mGET / [36m304 [0m11.678 ms - -[0m
[0mGET /css/style.css [36m304 [0m9.902 ms - -[0m
[0mGET /favicon.ico [36m304 [0m2.302 ms - -[0m
[0mGET /favicon.ico [36m304 [0m5.745 ms - -[0m
[0mGET /admin [36m304 [0m136.894 ms - -[0m
[0mGET /css/style.css [36m304 [0m27.674 ms - -[0m
[0mGET /favicon.ico [36m304 [0m3.923 ms - -[0m
[0mGET /favicon.ico [36m304 [0m1.744 ms - -[0m
[0mGET /admin [32m200 [0m23.118 ms - 1074[0m
[0mGET /js/script.js [32m200 [0m42.750 ms - 1846[0m
[0mGET /css/style.css [32m200 [0m86.759 ms - 228[0m
[0mGET /favicon.ico [36m304 [0m2.568 ms - -[0m
[0mGET /favicon.ico [36m304 [0m1.966 ms - -[0m
[0mGET /admin [36m304 [0m12.965 ms - -[0m
[0mGET /css/style.css [36m304 [0m7.835 ms - -[0m
[0mGET /js/script.js [36m304 [0m6.117 ms - -[0m
[0mGET /favicon.ico [36m304 [0m2.217 ms - -[0m
[0mGET /favicon.ico [36m304 [0m2.216 ms - -[0m
[0mGET /admin [32m200 [0m8.699 ms - 1074[0m
[0mGET /css/style.css [32m200 [0m38.915 ms - 228[0m
[0mGET /js/script.js [32m200 [0m34.790 ms - 1850[0m
[0mGET /favicon.ico [36m304 [0m6.370 ms - -[0m
[0mGET /favicon.ico [36m304 [0m2.225 ms - -[0m
[0mGET /admin [32m200 [0m7.995 ms - 1074[0m
[0mGET /css/style.css [32m200 [0m60.582 ms - 228[0m
[0mGET /js/script.js [32m200 [0m16.110 ms - 1854[0m
[0mGET /favicon.ico [36m304 [0m2.962 ms - -[0m
[0mGET /favicon.ico [36m304 [0m6.694 ms - -[0m
[0mGET /admin [32m200 [0m126.722 ms - 1074[0m
[0mGET /css/style.css [32m200 [0m57.256 ms - 228[0m
[0mGET /js/script.js [32m200 [0m56.778 ms - 1854[0m
[0mGET /favicon.ico [36m304 [0m6.057 ms - -[0m
[0mGET /favicon.ico [36m304 [0m2.917 ms - -[0m
[0mPOST /admin/connection [36m302 [0m191.543 ms - 70[0m
[0mGET /admin/status [32m200 [0m20.250 ms - 1139[0m
[0mGET /css/style.css [36m304 [0m1.991 ms - -[0m
[0mGET /favicon.ico [36m304 [0m1.730 ms - -[0m
[0mGET /favicon.ico [36m304 [0m13.659 ms - -[0m
[0mGET /favicon.ico [36m304 [0m2.415 ms - -[0m
[0mGET /favicon.ico [36m304 [0m4.954 ms - -[0m
[0mGET /admin [32m200 [0m13.310 ms - 1074[0m
[0mGET /js/script.js [32m200 [0m59.347 ms - 1854[0m
[0mGET /css/style.css [32m200 [0m59.677 ms - 228[0m
[0mGET /favicon.ico [36m304 [0m1.722 ms - -[0m
[0mGET /favicon.ico [36m304 [0m2.236 ms - -[0m
[0mGET /inscription [36m304 [0m12.307 ms - -[0m
[0mGET /css/style.css [36m304 [0m12.886 ms - -[0m
[0mGET /js/script.js [36m304 [0m5.880 ms - -[0m
[0mGET /favicon.ico [36m304 [0m2.656 ms - -[0m
[0mGET /favicon.ico [36m304 [0m2.295 ms - -[0m
[0mPOST /admin/connection [36m302 [0m19.687 ms - 70[0m
[0mGET /admin/status [32m200 [0m23.437 ms - 1139[0m
[0mGET /css/style.css [36m304 [0m4.068 ms - -[0m
[0mGET /favicon.ico [36m304 [0m2.248 ms - -[0m
[0mGET /favicon.ico [36m304 [0m2.474 ms - -[0m
[0mGET /favicon.ico [36m304 [0m2.186 ms - -[0m
[0mGET /favicon.ico [36m304 [0m2.008 ms - -[0m
