[0mGET / [32m200 [0m936.165 ms - 888[0m
[0mGET /css/style.css [32m200 [0m97.401 ms - 76[0m
[0mGET /favicon.ico [32m200 [0m140.093 ms - 1150[0m
[0mGET /favicon.ico [36m304 [0m75.269 ms - -[0m
[0mGET / [36m304 [0m25.112 ms - -[0m
[0mGET /css/style.css [36m304 [0m0.938 ms - -[0m
[0mGET /favicon.ico [36m304 [0m0.945 ms - -[0m
[0mGET /favicon.ico [36m304 [0m0.780 ms - -[0m
[0mGET /inscription [32m200 [0m23.615 ms - 2097[0m
[0mGET /css/style.css [36m304 [0m0.941 ms - -[0m
[0mGET /favicon.ico [36m304 [0m1.154 ms - -[0m
[0mGET /favicon.ico [36m304 [0m0.560 ms - -[0m
[0mPOST /inscription/personnel [36m302 [0m346.449 ms - 68[0m
[0mGET /inscription [32m200 [0m2.652 ms - 2097[0m
[0mGET /css/style.css [36m304 [0m1.734 ms - -[0m
[0mGET /favicon.ico [36m304 [0m1.116 ms - -[0m
[0mGET /favicon.ico [36m304 [0m0.616 ms - -[0m
[0mGET /inscription [32m200 [0m4.477 ms - 2146[0m
[0mGET /css/style.css [32m200 [0m11.823 ms - 76[0m
[0mGET /favicon.ico [36m304 [0m0.610 ms - -[0m
[0mGET /favicon.ico [36m304 [0m1.046 ms - -[0m
[0mPOST /inscription/personnel [36m302 [0m5.158 ms - 68[0m
[0mGET /inscription [32m200 [0m8.671 ms - 2146[0m
[0mGET /css/style.css [36m304 [0m1.844 ms - -[0m
[0mGET /favicon.ico [36m304 [0m1.286 ms - -[0m
[0mGET /favicon.ico [36m304 [0m0.722 ms - -[0m
[0mGET /inscription [32m200 [0m3.308 ms - 2144[0m
[0mGET /css/style.css [32m200 [0m1.429 ms - 76[0m
[0mGET /favicon.ico [36m304 [0m0.874 ms - -[0m
[0mGET /favicon.ico [36m304 [0m1.508 ms - -[0m
[0mGET /inscription [32m200 [0m3.216 ms - 2143[0m
[0mGET /css/style.css [32m200 [0m1.061 ms - 76[0m
[0mGET /favicon.ico [36m304 [0m0.894 ms - -[0m
[0mGET /favicon.ico [36m304 [0m1.086 ms - -[0m
[0mGET /inscription [32m200 [0m3.759 ms - 2146[0m
[0mGET /css/style.css [32m200 [0m0.922 ms - 76[0m
[0mGET /favicon.ico [36m304 [0m0.896 ms - -[0m
[0mGET /favicon.ico [36m304 [0m0.513 ms - -[0m
[0mGET /inscription [32m200 [0m3.392 ms - 2149[0m
[0mGET /css/style.css [32m200 [0m7.459 ms - 76[0m
[0mGET /favicon.ico [36m304 [0m1.068 ms - -[0m
[0mGET /favicon.ico [36m304 [0m0.629 ms - -[0m
[0mGET /inscription [32m200 [0m3.717 ms - 2149[0m
[0mGET /css/style.css [32m200 [0m2.997 ms - 76[0m
[0mGET /favicon.ico [36m304 [0m0.552 ms - -[0m
[0mGET /favicon.ico [36m304 [0m1.013 ms - -[0m
[0mGET /inscription [32m200 [0m3.228 ms - 2150[0m
[0mGET /css/style.css [32m200 [0m1.344 ms - 76[0m
[0mGET /favicon.ico [36m304 [0m0.792 ms - -[0m
[0mGET /favicon.ico [36m304 [0m0.643 ms - -[0m
[0mGET /inscription [32m200 [0m3.308 ms - 2152[0m
[0mGET /css/style.css [32m200 [0m12.524 ms - 76[0m
[0mGET /favicon.ico [36m304 [0m1.755 ms - -[0m
[0mGET /favicon.ico [36m304 [0m2.558 ms - -[0m
[0mGET /inscription [32m200 [0m3.781 ms - 2170[0m
[0mGET /css/style.css [32m200 [0m8.654 ms - 76[0m
[0mGET /favicon.ico [36m304 [0m1.408 ms - -[0m
[0mGET /favicon.ico [36m304 [0m0.994 ms - -[0m
[0mPOST /inscription/personnel [36m302 [0m2.058 ms - 68[0m
[0mGET /inscription [32m200 [0m2.259 ms - 2170[0m
[0mGET /css/style.css [36m304 [0m0.607 ms - -[0m
[0mGET /favicon.ico [36m304 [0m0.873 ms - -[0m
[0mGET /favicon.ico [36m304 [0m0.575 ms - -[0m
[0mPOST /inscription/personnel [36m302 [0m2.001 ms - 68[0m
[0mGET /inscription [32m200 [0m3.540 ms - 2170[0m
[0mGET /css/style.css [36m304 [0m3.370 ms - -[0m
[0mGET /favicon.ico [36m304 [0m0.784 ms - -[0m
[0mGET /favicon.ico [36m304 [0m1.322 ms - -[0m
[0mGET /inscription [32m200 [0m32.758 ms - 2125[0m
[0mGET /css/style.css [32m200 [0m13.283 ms - 76[0m
[0mGET /favicon.ico [36m304 [0m1.920 ms - -[0m
[0mGET /favicon.ico [36m304 [0m2.390 ms - -[0m
[0mPOST /inscription/personnel [36m302 [0m42.150 ms - 68[0m
[0mGET /inscription [32m200 [0m3.642 ms - 2125[0m
[0mGET /css/style.css [36m304 [0m1.101 ms - -[0m
[0mGET /favicon.ico [36m304 [0m1.971 ms - -[0m
[0mGET /favicon.ico [36m304 [0m0.610 ms - -[0m
[0mGET /inscription [32m200 [0m30.941 ms - 2125[0m
[0mGET /css/style.css [32m200 [0m11.817 ms - 76[0m
[0mGET /favicon.ico [36m304 [0m2.259 ms - -[0m
[0mGET /favicon.ico [36m304 [0m6.796 ms - -[0m
[0mPOST /inscription/personnel [0m- [0m- ms - -[0m
[0mGET /admin/status [31m500 [0m76.245 ms - 1862[0m
[0mGET /favicon.ico [36m304 [0m5.953 ms - -[0m
[0mGET /favicon.ico [36m304 [0m0.632 ms - -[0m
[0mGET /admin/status [32m200 [0m30.453 ms - 1156[0m
[0mGET /css/style.css [36m304 [0m4.822 ms - -[0m
[0mGET /favicon.ico [36m304 [0m2.039 ms - -[0m
[0mGET /favicon.ico [36m304 [0m0.859 ms - -[0m
[0mGET /inscription [36m304 [0m4.716 ms - -[0m
[0mGET /css/style.css [36m304 [0m0.935 ms - -[0m
[0mGET /favicon.ico [36m304 [0m0.678 ms - -[0m
[0mGET /favicon.ico [36m304 [0m5.309 ms - -[0m
[0mPOST /inscription/personnel [33m404 [0m11.535 ms - 70[0m
[0mGET /favicon.ico [36m304 [0m1.729 ms - -[0m
[0mGET /favicon.ico [36m304 [0m0.747 ms - -[0m
[0mGET /inscription [32m200 [0m2.711 ms - 2224[0m
[0mGET /css/style.css [36m304 [0m1.704 ms - -[0m
[0mGET /favicon.ico [36m304 [0m0.735 ms - -[0m
[0mGET /favicon.ico [36m304 [0m0.639 ms - -[0m
[0mGET /inscription [32m200 [0m30.486 ms - 2224[0m
[0mGET /css/style.css [32m200 [0m16.644 ms - 76[0m
[0mGET /favicon.ico [36m304 [0m2.967 ms - -[0m
[0mGET /favicon.ico [36m304 [0m2.294 ms - -[0m
[0mPOST /inscription/personnel [33m404 [0m3.643 ms - 70[0m
[0mGET /favicon.ico [36m304 [0m0.691 ms - -[0m
[0mGET /favicon.ico [36m304 [0m0.772 ms - -[0m
[0mGET /inscription [36m304 [0m32.376 ms - -[0m
[0mGET /css/style.css [36m304 [0m6.207 ms - -[0m
[0mGET /favicon.ico [36m304 [0m8.994 ms - -[0m
[0mGET /favicon.ico [36m304 [0m0.837 ms - -[0m
[0mPOST /inscription/personnel [33m404 [0m4.093 ms - 70[0m
[0mGET /favicon.ico [36m304 [0m0.923 ms - -[0m
[0mGET /favicon.ico [36m304 [0m1.127 ms - -[0m
[0mGET /favicon.ico [36m304 [0m0.713 ms - -[0m
[0mGET /favicon.ico [36m304 [0m0.650 ms - -[0m
[0mPOST /inscription/personnel [33m404 [0m3.483 ms - 70[0m
[0mGET /favicon.ico [36m304 [0m1.161 ms - -[0m
[0mGET /favicon.ico [36m304 [0m1.028 ms - -[0m
[0mGET /inscription [32m200 [0m29.871 ms - 2297[0m
[0mGET /css/style.css [36m304 [0m3.540 ms - -[0m
[0mGET /favicon.ico [36m304 [0m1.127 ms - -[0m
[0mGET /favicon.ico [36m304 [0m0.627 ms - -[0m
[0mGET /inscription [32m200 [0m4.453 ms - 2502[0m
[0mGET /css/style.css [32m200 [0m3.632 ms - 76[0m
[0mGET /favicon.ico [36m304 [0m0.729 ms - -[0m
[0mGET /favicon.ico [36m304 [0m1.685 ms - -[0m
[0mGET /inscription [32m200 [0m6.183 ms - 2562[0m
[0mGET /css/style.css [32m200 [0m2.789 ms - 76[0m
[0mGET /favicon.ico [36m304 [0m1.125 ms - -[0m
[0mGET /favicon.ico [36m304 [0m1.814 ms - -[0m
[0mGET /inscription [32m200 [0m4.396 ms - 2565[0m
[0mGET /css/style.css [32m200 [0m1.392 ms - 76[0m
[0mGET /favicon.ico [36m304 [0m2.558 ms - -[0m
[0mGET /favicon.ico [36m304 [0m0.975 ms - -[0m
[0mGET /inscription [32m200 [0m3.879 ms - 2557[0m
[0mGET /css/style.css [32m200 [0m2.406 ms - 76[0m
[0mGET /favicon.ico [36m304 [0m0.761 ms - -[0m
[0mGET /favicon.ico [36m304 [0m0.618 ms - -[0m
[0mGET /inscription [32m200 [0m4.057 ms - 2554[0m
[0mGET /css/style.css [32m200 [0m8.125 ms - 76[0m
[0mGET /favicon.ico [36m304 [0m0.606 ms - -[0m
[0mPOST /inscription/personnel [36m302 [0m313.253 ms - 68[0m
[0mGET /favicon.ico [36m304 [0m0.634 ms - -[0m
[0mGET /inscription [32m200 [0m3.833 ms - 2554[0m
[0mGET /css/style.css [36m304 [0m0.834 ms - -[0m
[0mGET /favicon.ico [36m304 [0m0.802 ms - -[0m
[0mPOST /inscription/personnel [36m302 [0m2.666 ms - 68[0m
[0mGET /favicon.ico [36m304 [0m1.088 ms - -[0m
[0mGET /inscription [32m200 [0m3.548 ms - 2554[0m
[0mGET /css/style.css [36m304 [0m1.442 ms - -[0m
[0mGET /favicon.ico [36m304 [0m1.396 ms - -[0m
[0mPOST /inscription/personnel [36m302 [0m1.292 ms - 68[0m
[0mGET /favicon.ico [36m304 [0m0.557 ms - -[0m
[0mGET /inscription [32m200 [0m5.770 ms - 2554[0m
[0mGET /css/style.css [36m304 [0m1.591 ms - -[0m
[0mGET /favicon.ico [36m304 [0m0.599 ms - -[0m
[0mPOST /inscription/personnel [36m302 [0m1.747 ms - 68[0m
[0mGET /favicon.ico [36m304 [0m1.380 ms - -[0m
[0mGET /inscription [32m200 [0m7.770 ms - 2554[0m
[0mGET /css/style.css [36m304 [0m1.146 ms - -[0m
[0mGET /favicon.ico [36m304 [0m1.436 ms - -[0m
[0mPOST /inscription/personnel [36m302 [0m2.449 ms - 68[0m
[0mGET /favicon.ico [36m304 [0m0.609 ms - -[0m
[0mGET /inscription [32m200 [0m2.350 ms - 2554[0m
[0mGET /css/style.css [36m304 [0m0.981 ms - -[0m
[0mGET /favicon.ico [36m304 [0m0.745 ms - -[0m
[0mPOST /inscription/personnel [36m302 [0m4.401 ms - 68[0m
[0mGET /favicon.ico [36m304 [0m0.860 ms - -[0m
[0mGET /inscription [32m200 [0m3.788 ms - 2554[0m
[0mGET /css/style.css [36m304 [0m2.927 ms - -[0m
[0mGET /favicon.ico [36m304 [0m0.751 ms - -[0m
[0mPOST /inscription/personnel [36m302 [0m3.056 ms - 68[0m
[0mGET /favicon.ico [36m304 [0m1.082 ms - -[0m
[0mGET /inscription [32m200 [0m2.438 ms - 2554[0m
[0mGET /css/style.css [36m304 [0m4.196 ms - -[0m
[0mGET /favicon.ico [36m304 [0m0.536 ms - -[0m
[0mPOST /inscription/personnel [36m302 [0m2.007 ms - 68[0m
[0mGET /favicon.ico [36m304 [0m1.214 ms - -[0m
[0mGET /inscription [32m200 [0m2.313 ms - 2554[0m
[0mGET /css/style.css [36m304 [0m2.438 ms - -[0m
[0mGET /favicon.ico [36m304 [0m0.543 ms - -[0m
[0mPOST /inscription/personnel [36m302 [0m2.248 ms - 68[0m
[0mGET /favicon.ico [36m304 [0m1.035 ms - -[0m
[0mGET /inscription [32m200 [0m3.835 ms - 2554[0m
[0mGET /css/style.css [36m304 [0m0.965 ms - -[0m
[0mGET /favicon.ico [36m304 [0m0.637 ms - -[0m
[0mPOST /inscription/personnel [36m302 [0m1.152 ms - 68[0m
[0mGET /favicon.ico [36m304 [0m0.521 ms - -[0m
[0mGET /inscription [32m200 [0m4.584 ms - 2554[0m
[0mGET /css/style.css [36m304 [0m0.971 ms - -[0m
[0mGET /favicon.ico [36m304 [0m1.027 ms - -[0m
[0mPOST /inscription/personnel [36m302 [0m1.266 ms - 68[0m
[0mGET /favicon.ico [36m304 [0m0.704 ms - -[0m
[0mGET /inscription [32m200 [0m3.763 ms - 2554[0m
[0mGET /css/style.css [36m304 [0m1.909 ms - -[0m
[0mGET /favicon.ico [36m304 [0m0.908 ms - -[0m
[0mPOST /inscription/personnel [36m302 [0m1.359 ms - 68[0m
[0mGET /favicon.ico [36m304 [0m2.827 ms - -[0m
[0mGET /inscription [32m200 [0m2.003 ms - 2554[0m
[0mGET /css/style.css [36m304 [0m1.663 ms - -[0m
[0mGET /favicon.ico [36m304 [0m0.508 ms - -[0m
[0mPOST /inscription/personnel [36m302 [0m2.621 ms - 68[0m
[0mGET /favicon.ico [36m304 [0m0.881 ms - -[0m
[0mGET /inscription [32m200 [0m2.258 ms - 2554[0m
[0mGET /css/style.css [36m304 [0m2.280 ms - -[0m
[0mGET /favicon.ico [36m304 [0m0.677 ms - -[0m
[0mPOST /inscription/personnel [36m302 [0m2.091 ms - 68[0m
[0mGET /favicon.ico [36m304 [0m0.951 ms - -[0m
[0mGET /inscription [32m200 [0m2.312 ms - 2554[0m
[0mGET /css/style.css [36m304 [0m1.230 ms - -[0m
[0mGET /favicon.ico [36m304 [0m1.316 ms - -[0m
[0mPOST /inscription/personnel [36m302 [0m1.890 ms - 68[0m
[0mGET /favicon.ico [36m304 [0m0.505 ms - -[0m
[0mGET /inscription [32m200 [0m4.066 ms - 2554[0m
[0mGET /css/style.css [36m304 [0m1.702 ms - -[0m
[0mGET /favicon.ico [36m304 [0m0.786 ms - -[0m
[0mPOST /inscription/personnel [36m302 [0m2.730 ms - 68[0m
[0mGET /favicon.ico [36m304 [0m1.697 ms - -[0m
[0mGET /inscription [32m200 [0m2.071 ms - 2554[0m
[0mGET /css/style.css [36m304 [0m2.551 ms - -[0m
[0mGET /favicon.ico [36m304 [0m0.476 ms - -[0m
[0mPOST /inscription/personnel [36m302 [0m1.305 ms - 68[0m
[0mGET /favicon.ico [36m304 [0m0.628 ms - -[0m
[0mGET /inscription [32m200 [0m2.313 ms - 2554[0m
[0mGET /css/style.css [36m304 [0m2.285 ms - -[0m
[0mGET /favicon.ico [36m304 [0m2.352 ms - -[0m
[0mPOST /inscription/personnel [36m302 [0m1.497 ms - 68[0m
[0mGET /favicon.ico [36m304 [0m0.592 ms - -[0m
[0mGET /inscription [32m200 [0m3.100 ms - 2554[0m
[0mGET /css/style.css [36m304 [0m1.111 ms - -[0m
[0mGET /favicon.ico [36m304 [0m0.674 ms - -[0m
[0mPOST /inscription/personnel [36m302 [0m1.667 ms - 68[0m
[0mGET /favicon.ico [36m304 [0m0.702 ms - -[0m
[0mGET /inscription [32m200 [0m2.958 ms - 2554[0m
[0mGET /css/style.css [36m304 [0m1.978 ms - -[0m
[0mGET /favicon.ico [36m304 [0m0.705 ms - -[0m
[0mPOST /inscription/personnel [36m302 [0m1.998 ms - 68[0m
[0mGET /favicon.ico [36m304 [0m1.059 ms - -[0m
[0mGET /inscription [32m200 [0m2.983 ms - 2554[0m
[0mGET /css/style.css [36m304 [0m0.823 ms - -[0m
[0mGET /favicon.ico [36m304 [0m0.757 ms - -[0m
[0mPOST /inscription/personnel [36m302 [0m3.354 ms - 68[0m
[0mGET /favicon.ico [36m304 [0m0.712 ms - -[0m
[0mGET /inscription [32m200 [0m2.686 ms - 2554[0m
[0mGET /css/style.css [36m304 [0m4.784 ms - -[0m
[0mGET /favicon.ico [36m304 [0m1.861 ms - -[0m
[0mPOST /inscription/personnel [36m302 [0m1.639 ms - 68[0m
[0mGET /favicon.ico [36m304 [0m0.753 ms - -[0m
[0mGET /inscription [32m200 [0m4.322 ms - 2554[0m
[0mGET /css/style.css [36m304 [0m2.849 ms - -[0m
[0mGET /favicon.ico [36m304 [0m0.613 ms - -[0m
[0mPOST /inscription/personnel [36m302 [0m2.499 ms - 68[0m
[0mGET /favicon.ico [36m304 [0m0.863 ms - -[0m
[0mGET /inscription [32m200 [0m2.350 ms - 2554[0m
[0mGET /css/style.css [36m304 [0m1.253 ms - -[0m
[0mGET /favicon.ico [36m304 [0m0.581 ms - -[0m
[0mPOST /inscription/personnel [36m302 [0m1.594 ms - 68[0m
[0mGET /favicon.ico [36m304 [0m0.484 ms - -[0m
[0mGET /inscription [32m200 [0m3.435 ms - 2554[0m
[0mGET /css/style.css [36m304 [0m1.333 ms - -[0m
[0mGET /favicon.ico [36m304 [0m0.679 ms - -[0m
[0mPOST /inscription/personnel [36m302 [0m1.071 ms - 68[0m
[0mGET /favicon.ico [36m304 [0m0.607 ms - -[0m
[0mGET /inscription [32m200 [0m2.316 ms - 2554[0m
[0mGET /css/style.css [36m304 [0m2.783 ms - -[0m
[0mGET /favicon.ico [36m304 [0m0.572 ms - -[0m
[0mPOST /inscription/personnel [36m302 [0m1.286 ms - 68[0m
[0mGET /favicon.ico [36m304 [0m0.609 ms - -[0m
[0mGET /inscription [32m200 [0m2.585 ms - 2554[0m
[0mGET /css/style.css [36m304 [0m1.861 ms - -[0m
[0mGET /favicon.ico [36m304 [0m0.514 ms - -[0m
[0mPOST /inscription/personnel [36m302 [0m1.491 ms - 68[0m
[0mGET /favicon.ico [36m304 [0m1.059 ms - -[0m
[0mGET /inscription [32m200 [0m2.641 ms - 2554[0m
[0mGET /css/style.css [36m304 [0m0.870 ms - -[0m
[0mGET /favicon.ico [36m304 [0m0.583 ms - -[0m
[0mPOST /inscription/personnel [36m302 [0m1.719 ms - 68[0m
[0mGET /favicon.ico [36m304 [0m5.472 ms - -[0m
[0mGET /inscription [32m200 [0m2.158 ms - 2554[0m
[0mGET /css/style.css [36m304 [0m0.582 ms - -[0m
[0mGET /favicon.ico [36m304 [0m0.962 ms - -[0m
[0mPOST /inscription/personnel [36m302 [0m2.501 ms - 68[0m
[0mGET /favicon.ico [36m304 [0m0.962 ms - -[0m
[0mGET /inscription [32m200 [0m3.698 ms - 2554[0m
[0mGET /css/style.css [36m304 [0m0.744 ms - -[0m
[0mGET /favicon.ico [36m304 [0m0.540 ms - -[0m
[0mPOST /inscription/personnel [36m302 [0m2.187 ms - 68[0m
[0mGET /favicon.ico [36m304 [0m0.829 ms - -[0m
[0mGET /inscription [32m200 [0m2.341 ms - 2554[0m
[0mGET /css/style.css [36m304 [0m0.522 ms - -[0m
[0mGET /favicon.ico [36m304 [0m0.871 ms - -[0m
[0mPOST /inscription/personnel [36m302 [0m1.258 ms - 68[0m
[0mGET /favicon.ico [36m304 [0m0.584 ms - -[0m
[0mGET /inscription [32m200 [0m2.483 ms - 2554[0m
[0mGET /css/style.css [36m304 [0m1.119 ms - -[0m
[0mGET /favicon.ico [36m304 [0m0.497 ms - -[0m
[0mPOST /inscription/personnel [36m302 [0m1.895 ms - 68[0m
[0mGET /favicon.ico [36m304 [0m1.128 ms - -[0m
[0mGET /inscription [32m200 [0m2.442 ms - 2554[0m
[0mGET /css/style.css [36m304 [0m1.011 ms - -[0m
[0mGET /favicon.ico [36m304 [0m0.868 ms - -[0m
[0mPOST /inscription/personnel [36m302 [0m2.160 ms - 68[0m
[0mGET /favicon.ico [36m304 [0m0.642 ms - -[0m
[0mGET /inscription [32m200 [0m5.077 ms - 2554[0m
[0mGET /css/style.css [36m304 [0m0.786 ms - -[0m
[0mGET /favicon.ico [36m304 [0m0.835 ms - -[0m
[0mPOST /inscription/personnel [36m302 [0m1.723 ms - 68[0m
[0mGET /favicon.ico [36m304 [0m1.285 ms - -[0m
[0mGET /inscription [32m200 [0m2.475 ms - 2554[0m
[0mGET /css/style.css [36m304 [0m0.926 ms - -[0m
[0mGET /favicon.ico [36m304 [0m0.653 ms - -[0m
[0mPOST /inscription/personnel [36m302 [0m3.514 ms - 68[0m
[0mGET /favicon.ico [36m304 [0m0.985 ms - -[0m
[0mGET /inscription [32m200 [0m2.532 ms - 2554[0m
[0mGET /css/style.css [36m304 [0m1.431 ms - -[0m
[0mGET /favicon.ico [36m304 [0m1.954 ms - -[0m
[0mPOST /inscription/personnel [36m302 [0m2.434 ms - 68[0m
[0mGET /favicon.ico [36m304 [0m1.006 ms - -[0m
[0mGET /inscription [32m200 [0m1.954 ms - 2554[0m
[0mGET /css/style.css [36m304 [0m0.873 ms - -[0m
[0mGET /favicon.ico [36m304 [0m0.904 ms - -[0m
[0mPOST /inscription/personnel [36m302 [0m2.152 ms - 68[0m
[0mGET /favicon.ico [36m304 [0m1.924 ms - -[0m
[0mGET /inscription [32m200 [0m2.568 ms - 2554[0m
[0mGET /css/style.css [36m304 [0m1.413 ms - -[0m
[0mGET /favicon.ico [36m304 [0m0.706 ms - -[0m
[0mPOST /inscription/personnel [36m302 [0m1.082 ms - 68[0m
[0mGET /favicon.ico [36m304 [0m0.554 ms - -[0m
[0mGET /inscription [32m200 [0m3.516 ms - 2554[0m
[0mGET /css/style.css [36m304 [0m1.803 ms - -[0m
[0mGET /favicon.ico [36m304 [0m0.838 ms - -[0m
[0mPOST /inscription/personnel [36m302 [0m3.833 ms - 68[0m
[0mGET /favicon.ico [36m304 [0m6.599 ms - -[0m
[0mGET /inscription [32m200 [0m2.974 ms - 2554[0m
[0mGET /css/style.css [36m304 [0m1.514 ms - -[0m
[0mGET /favicon.ico [36m304 [0m0.908 ms - -[0m
[0mPOST /inscription/personnel [36m302 [0m2.318 ms - 68[0m
[0mGET /favicon.ico [36m304 [0m1.487 ms - -[0m
[0mGET /inscription [32m200 [0m3.514 ms - 2554[0m
[0mGET /css/style.css [36m304 [0m4.693 ms - -[0m
[0mGET /favicon.ico [36m304 [0m1.971 ms - -[0m
[0mPOST /inscription/personnel [36m302 [0m1.289 ms - 68[0m
[0mGET /favicon.ico [36m304 [0m3.092 ms - -[0m
[0mGET /inscription [32m200 [0m1.905 ms - 2554[0m
[0mGET /css/style.css [36m304 [0m0.756 ms - -[0m
[0mGET /favicon.ico [36m304 [0m0.537 ms - -[0m
[0mPOST /inscription/personnel [36m302 [0m1.581 ms - 68[0m
[0mGET /favicon.ico [36m304 [0m0.617 ms - -[0m
[0mGET /inscription [32m200 [0m10.760 ms - 2554[0m
[0mGET /css/style.css [36m304 [0m1.537 ms - -[0m
[0mGET /favicon.ico [36m304 [0m0.604 ms - -[0m
[0mPOST /inscription/personnel [36m302 [0m1.370 ms - 68[0m
[0mGET /favicon.ico [36m304 [0m0.450 ms - -[0m
[0mGET /inscription [32m200 [0m2.513 ms - 2554[0m
[0mGET /css/style.css [36m304 [0m0.769 ms - -[0m
[0mGET /favicon.ico [36m304 [0m0.656 ms - -[0m
[0mPOST /inscription/personnel [36m302 [0m1.828 ms - 68[0m
[0mGET /favicon.ico [36m304 [0m0.690 ms - -[0m
[0mGET /inscription [32m200 [0m2.888 ms - 2554[0m
[0mGET /css/style.css [36m304 [0m0.755 ms - -[0m
[0mGET /favicon.ico [36m304 [0m0.921 ms - -[0m
[0mPOST /inscription/personnel [36m302 [0m1.524 ms - 68[0m
[0mGET /favicon.ico [36m304 [0m0.692 ms - -[0m
[0mGET /inscription [32m200 [0m3.223 ms - 2554[0m
[0mGET /css/style.css [36m304 [0m2.013 ms - -[0m
[0mGET /favicon.ico [36m304 [0m0.608 ms - -[0m
[0mPOST /inscription/personnel [36m302 [0m1.359 ms - 68[0m
[0mGET /favicon.ico [36m304 [0m0.559 ms - -[0m
[0mGET /inscription [32m200 [0m2.107 ms - 2554[0m
[0mGET /css/style.css [36m304 [0m1.110 ms - -[0m
[0mGET /favicon.ico [36m304 [0m0.744 ms - -[0m
[0mPOST /inscription/personnel [36m302 [0m1.266 ms - 68[0m
[0mGET /favicon.ico [36m304 [0m0.640 ms - -[0m
[0mGET /inscription [32m200 [0m2.254 ms - 2554[0m
[0mGET /css/style.css [36m304 [0m2.982 ms - -[0m
[0mGET /favicon.ico [36m304 [0m0.667 ms - -[0m
[0mPOST /inscription/personnel [36m302 [0m1.802 ms - 68[0m
[0mGET /favicon.ico [36m304 [0m0.557 ms - -[0m
[0mGET /inscription [32m200 [0m2.123 ms - 2554[0m
[0mGET /css/style.css [36m304 [0m3.149 ms - -[0m
[0mGET /favicon.ico [36m304 [0m0.471 ms - -[0m
[0mPOST /inscription/personnel [36m302 [0m1.477 ms - 68[0m
[0mGET /favicon.ico [36m304 [0m0.576 ms - -[0m
[0mGET /inscription [32m200 [0m4.260 ms - 2554[0m
[0mGET /css/style.css [36m304 [0m1.718 ms - -[0m
[0mGET /favicon.ico [36m304 [0m0.953 ms - -[0m
[0mPOST /inscription/personnel [36m302 [0m2.300 ms - 68[0m
[0mGET /favicon.ico [36m304 [0m0.523 ms - -[0m
[0mGET /inscription [32m200 [0m2.332 ms - 2554[0m
[0mGET /css/style.css [36m304 [0m2.301 ms - -[0m
[0mGET /favicon.ico [36m304 [0m0.547 ms - -[0m
[0mPOST /inscription/personnel [36m302 [0m1.620 ms - 68[0m
[0mGET /favicon.ico [36m304 [0m1.150 ms - -[0m
[0mGET /inscription [32m200 [0m2.408 ms - 2554[0m
[0mGET /css/style.css [36m304 [0m0.763 ms - -[0m
[0mGET /favicon.ico [36m304 [0m0.657 ms - -[0m
[0mPOST /inscription/personnel [36m302 [0m1.831 ms - 68[0m
[0mGET /favicon.ico [36m304 [0m0.524 ms - -[0m
[0mGET /inscription [32m200 [0m2.077 ms - 2554[0m
[0mGET /css/style.css [36m304 [0m1.231 ms - -[0m
[0mGET /favicon.ico [36m304 [0m0.477 ms - -[0m
[0mPOST /inscription/personnel [36m302 [0m1.613 ms - 68[0m
[0mGET /favicon.ico [36m304 [0m0.561 ms - -[0m
[0mGET /inscription [32m200 [0m2.504 ms - 2554[0m
[0mGET /css/style.css [36m304 [0m1.376 ms - -[0m
[0mGET /favicon.ico [36m304 [0m1.133 ms - -[0m
[0mPOST /inscription/personnel [36m302 [0m2.018 ms - 68[0m
[0mGET /favicon.ico [36m304 [0m0.731 ms - -[0m
[0mGET /inscription [32m200 [0m2.130 ms - 2554[0m
[0mGET /css/style.css [36m304 [0m0.824 ms - -[0m
[0mGET /favicon.ico [36m304 [0m0.601 ms - -[0m
[0mPOST /inscription/personnel [36m302 [0m1.436 ms - 68[0m
[0mGET /favicon.ico [36m304 [0m0.866 ms - -[0m
[0mGET /inscription [32m200 [0m2.595 ms - 2554[0m
[0mGET /css/style.css [36m304 [0m0.655 ms - -[0m
[0mGET /favicon.ico [36m304 [0m0.898 ms - -[0m
[0mGET /favicon.ico [36m304 [0m0.644 ms - -[0m
[0mPOST /inscription/personnel [36m302 [0m1.216 ms - 68[0m
[0mGET /inscription [32m200 [0m2.465 ms - 2554[0m
[0mGET /css/style.css [36m304 [0m0.719 ms - -[0m
[0mGET /favicon.ico [36m304 [0m0.453 ms - -[0m
[0mPOST /inscription/personnel [36m302 [0m1.876 ms - 68[0m
[0mGET /favicon.ico [36m304 [0m0.668 ms - -[0m
[0mGET /inscription [32m200 [0m3.108 ms - 2554[0m
[0mGET /css/style.css [36m304 [0m1.438 ms - -[0m
[0mGET /favicon.ico [36m304 [0m0.463 ms - -[0m
[0mPOST /inscription/personnel [36m302 [0m2.251 ms - 68[0m
[0mGET /favicon.ico [36m304 [0m0.905 ms - -[0m
[0mGET /inscription [32m200 [0m3.592 ms - 2554[0m
[0mGET /css/style.css [36m304 [0m1.136 ms - -[0m
[0mGET /favicon.ico [36m304 [0m0.480 ms - -[0m
[0mPOST /inscription/personnel [36m302 [0m1.873 ms - 68[0m
[0mGET /favicon.ico [36m304 [0m0.590 ms - -[0m
[0mGET /inscription [32m200 [0m2.466 ms - 2554[0m
[0mGET /css/style.css [36m304 [0m0.499 ms - -[0m
[0mGET /favicon.ico [36m304 [0m1.216 ms - -[0m
[0mPOST /inscription/personnel [36m302 [0m2.320 ms - 68[0m
[0mGET /favicon.ico [36m304 [0m0.483 ms - -[0m
[0mGET /inscription [32m200 [0m2.990 ms - 2554[0m
[0mGET /css/style.css [36m304 [0m1.808 ms - -[0m
[0mGET /favicon.ico [36m304 [0m0.725 ms - -[0m
[0mPOST /inscription/personnel [36m302 [0m1.653 ms - 68[0m
[0mGET /favicon.ico [36m304 [0m0.701 ms - -[0m
[0mGET /inscription [32m200 [0m2.060 ms - 2554[0m
[0mGET /css/style.css [36m304 [0m0.563 ms - -[0m
[0mGET /favicon.ico [36m304 [0m0.624 ms - -[0m
[0mPOST /inscription/personnel [36m302 [0m1.488 ms - 68[0m
[0mGET /favicon.ico [36m304 [0m0.733 ms - -[0m
[0mGET /inscription [32m200 [0m3.345 ms - 2554[0m
[0mGET /css/style.css [36m304 [0m1.851 ms - -[0m
[0mGET /favicon.ico [36m304 [0m0.763 ms - -[0m
[0mPOST /inscription/personnel [36m302 [0m2.361 ms - 68[0m
[0mGET /favicon.ico [36m304 [0m0.789 ms - -[0m
[0mGET /inscription [32m200 [0m18.106 ms - 2554[0m
[0mGET /css/style.css [36m304 [0m1.184 ms - -[0m
[0mGET /favicon.ico [36m304 [0m0.584 ms - -[0m
[0mPOST /inscription/personnel [36m302 [0m2.006 ms - 68[0m
[0mGET /favicon.ico [36m304 [0m0.666 ms - -[0m
[0mGET /inscription [32m200 [0m2.679 ms - 2554[0m
[0mGET /css/style.css [36m304 [0m3.921 ms - -[0m
[0mGET /favicon.ico [36m304 [0m0.664 ms - -[0m
[0mPOST /inscription/personnel [36m302 [0m2.994 ms - 68[0m
[0mGET /favicon.ico [36m304 [0m1.135 ms - -[0m
[0mGET /inscription [32m200 [0m2.461 ms - 2586[0m
[0mGET /css/style.css [36m304 [0m0.809 ms - -[0m
[0mGET /favicon.ico [36m304 [0m0.782 ms - -[0m
[0mGET /favicon.ico [36m304 [0m0.771 ms - -[0m
[0mGET /inscription [32m200 [0m3.791 ms - 2573[0m
[0mGET /css/style.css [32m200 [0m2.852 ms - 76[0m
[0mGET /favicon.ico [36m304 [0m1.278 ms - -[0m
[0mGET /favicon.ico [36m304 [0m0.503 ms - -[0m
[0mPOST /inscription/personnel [36m302 [0m5.028 ms - 68[0m
[0mGET /inscription [32m200 [0m4.411 ms - 2573[0m
[0mGET /css/style.css [36m304 [0m0.960 ms - -[0m
[0mGET /favicon.ico [36m304 [0m0.566 ms - -[0m
[0mGET /favicon.ico [36m304 [0m0.507 ms - -[0m
[0mGET /inscription [32m200 [0m2.890 ms - 2593[0m
[0mGET /css/style.css [32m200 [0m7.837 ms - 76[0m
[0mGET /favicon.ico [36m304 [0m0.929 ms - -[0m
[0mGET /favicon.ico [36m304 [0m0.712 ms - -[0m
[0mPOST /inscription/personnel [36m302 [0m4.168 ms - 68[0m
[0mGET /inscription [32m200 [0m2.952 ms - 2593[0m
[0mGET /css/style.css [36m304 [0m0.830 ms - -[0m
[0mGET /favicon.ico [36m304 [0m1.046 ms - -[0m
[0mGET /favicon.ico [36m304 [0m2.021 ms - -[0m
[0mGET /inscription [31m500 [0m69.775 ms - 2090[0m
[0mGET /favicon.ico [36m304 [0m4.074 ms - -[0m
[0mGET /favicon.ico [36m304 [0m1.244 ms - -[0m
[0mGET /inscription [31m500 [0m41.653 ms - 2071[0m
[0mGET /favicon.ico [36m304 [0m3.999 ms - -[0m
[0mGET /favicon.ico [36m304 [0m1.213 ms - -[0m
[0mGET /inscription [32m200 [0m7.664 ms - 2736[0m
[0mGET /css/style.css [32m200 [0m11.648 ms - 76[0m
[0mGET /favicon.ico [36m304 [0m0.841 ms - -[0m
[0mGET /favicon.ico [36m304 [0m0.740 ms - -[0m
[0mGET /inscription [32m200 [0m3.002 ms - 2738[0m
[0mGET /css/style.css [32m200 [0m9.403 ms - 76[0m
[0mGET /favicon.ico [36m304 [0m3.727 ms - -[0m
[0mGET /favicon.ico [36m304 [0m10.658 ms - -[0m
[0mGET /inscription [32m200 [0m2.645 ms - 2734[0m
[0mGET /css/style.css [32m200 [0m7.938 ms - 76[0m
[0mGET /favicon.ico [36m304 [0m0.973 ms - -[0m
[0mGET /favicon.ico [36m304 [0m1.212 ms - -[0m
[0mPOST /inscription/personnel [36m302 [0m323.879 ms - 68[0m
[0mGET /inscription [32m200 [0m4.004 ms - 2734[0m
[0mGET /css/style.css [36m304 [0m1.420 ms - -[0m
[0mGET /favicon.ico [36m304 [0m1.200 ms - -[0m
[0mGET /favicon.ico [36m304 [0m0.549 ms - -[0m
[0mGET /inscription [32m200 [0m2.504 ms - 2776[0m
[0mGET /css/style.css [32m200 [0m1.166 ms - 76[0m
[0mGET /favicon.ico [36m304 [0m1.641 ms - -[0m
[0mGET /favicon.ico [36m304 [0m0.867 ms - -[0m
[0mGET /inscription [32m200 [0m29.126 ms - 2760[0m
[0mGET /css/style.css [32m200 [0m14.536 ms - 76[0m
[0mGET /favicon.ico [36m304 [0m2.168 ms - -[0m
[0mGET /favicon.ico [36m304 [0m5.176 ms - -[0m
[0mGET /inscription [32m200 [0m29.905 ms - 2760[0m
[0mGET /css/style.css [32m200 [0m12.229 ms - 76[0m
[0mGET /favicon.ico [36m304 [0m2.347 ms - -[0m
[0mGET /favicon.ico [36m304 [0m0.977 ms - -[0m
[0mPOST /inscription/personnel [36m302 [0m41.855 ms - 68[0m
[0mGET /inscription [32m200 [0m4.339 ms - 2766[0m
[0mGET /css/style.css [36m304 [0m0.699 ms - -[0m
[0mGET /favicon.ico [36m304 [0m0.851 ms - -[0m
[0mGET /favicon.ico [36m304 [0m1.596 ms - -[0m
