[0mGET /inscription [32m200 [0m13.196 ms - 1316[0m
[0mGET /css/style.css [32m200 [0m1.589 ms - 76[0m
[0mGET /js/script.js [32m200 [0m2.511 ms - 755[0m
[0mGET /favicon.ico [36m304 [0m1.550 ms - -[0m
[0mGET /favicon.ico [36m304 [0m0.555 ms - -[0m
[0mGET /inscription [32m200 [0m3.369 ms - 1316[0m
[0mGET /css/style.css [32m200 [0m14.773 ms - 76[0m
[0mGET /js/script.js [32m200 [0m1.278 ms - 863[0m
[0mGET /favicon.ico [36m304 [0m0.694 ms - -[0m
[0mGET /favicon.ico [36m304 [0m0.944 ms - -[0m
[0mGET /inscription [32m200 [0m37.576 ms - 1316[0m
[0mGET /css/style.css [32m200 [0m9.436 ms - 76[0m
[0mGET /js/script.js [32m200 [0m1.477 ms - 857[0m
[0mGET /favicon.ico [36m304 [0m2.810 ms - -[0m
[0mGET /favicon.ico [36m304 [0m0.640 ms - -[0m
[0mGET /inscription [32m200 [0m6.637 ms - 1316[0m
[0mGET /css/style.css [32m200 [0m1.686 ms - 76[0m
[0mGET /js/script.js [32m200 [0m1.240 ms - 876[0m
[0mGET /favicon.ico [36m304 [0m0.716 ms - -[0m
[0mGET /favicon.ico [36m304 [0m2.817 ms - -[0m
[0mGET /inscription [32m200 [0m3.116 ms - 2652[0m
[0mGET /css/style.css [32m200 [0m1.142 ms - 76[0m
[0mGET /favicon.ico [36m304 [0m1.278 ms - -[0m
[0mGET /favicon.ico [36m304 [0m1.251 ms - -[0m
[0mGET /inscription [32m200 [0m12.067 ms - 2853[0m
[0mGET /css/style.css [32m200 [0m1.675 ms - 76[0m
[0mGET /favicon.ico [36m304 [0m8.321 ms - -[0m
[0mGET /favicon.ico [36m304 [0m1.027 ms - -[0m
[0mGET /inscription [32m200 [0m3.073 ms - 2849[0m
[0mGET /css/style.css [32m200 [0m1.134 ms - 76[0m
[0mGET /favicon.ico [36m304 [0m0.703 ms - -[0m
[0mGET /favicon.ico [36m304 [0m0.640 ms - -[0m
[0mGET /inscription [32m200 [0m69.696 ms - 2849[0m
[0mGET /css/style.css [32m200 [0m6.012 ms - 76[0m
[0mGET /favicon.ico [36m304 [0m2.439 ms - -[0m
[0mGET /favicon.ico [36m304 [0m1.012 ms - -[0m
[0mGET /inscription [32m200 [0m4.970 ms - 2853[0m
[0mGET /css/style.css [32m200 [0m2.634 ms - 76[0m
[0mGET /favicon.ico [36m304 [0m0.802 ms - -[0m
[0mGET /favicon.ico [36m304 [0m0.982 ms - -[0m
[0mGET /inscription [32m200 [0m3.125 ms - 1272[0m
[0mGET /css/style.css [32m200 [0m1.309 ms - 76[0m
[0mGET /js/script.js [32m200 [0m1.024 ms - 876[0m
[0mGET /favicon.ico [36m304 [0m0.676 ms - -[0m
[0mGET /favicon.ico [36m304 [0m1.919 ms - -[0m
[0mGET /inscription [32m200 [0m34.677 ms - 1272[0m
[0mGET /css/style.css [32m200 [0m15.000 ms - 76[0m
[0mGET /js/script.js [32m200 [0m2.281 ms - 1034[0m
[0mGET /favicon.ico [36m304 [0m3.731 ms - -[0m
[0mGET /favicon.ico [36m304 [0m0.538 ms - -[0m
[0mGET /inscription [32m200 [0m4.198 ms - 1269[0m
[0mGET /css/style.css [32m200 [0m1.790 ms - 76[0m
[0mGET /js/script.js [32m200 [0m1.500 ms - 972[0m
[0mGET /favicon.ico [36m304 [0m0.764 ms - -[0m
[0mGET /favicon.ico [36m304 [0m0.683 ms - -[0m
[0mGET /inscription [32m200 [0m5.483 ms - 2755[0m
[0mGET /css/style.css [32m200 [0m1.142 ms - 76[0m
[0mGET /favicon.ico [36m304 [0m1.398 ms - -[0m
[0mGET /favicon.ico [36m304 [0m1.034 ms - -[0m
[0mGET /inscription [32m200 [0m3.864 ms - 2723[0m
[0mGET /css/style.css [32m200 [0m2.708 ms - 76[0m
[0mGET /favicon.ico [36m304 [0m1.028 ms - -[0m
[0mGET /favicon.ico [36m304 [0m0.517 ms - -[0m
[0mGET /inscription [32m200 [0m2.892 ms - 1263[0m
[0mGET /css/style.css [32m200 [0m2.273 ms - 76[0m
[0mGET /js/script.js [32m200 [0m1.495 ms - 931[0m
[0mGET /favicon.ico [36m304 [0m0.891 ms - -[0m
[0mGET /favicon.ico [36m304 [0m1.371 ms - -[0m
[0mGET /inscription [32m200 [0m2.935 ms - 1263[0m
[0mGET /css/style.css [32m200 [0m1.880 ms - 76[0m
[0mGET /js/script.js [32m200 [0m0.821 ms - 1027[0m
[0mGET /favicon.ico [36m304 [0m0.741 ms - -[0m
[0mGET /favicon.ico [36m304 [0m0.685 ms - -[0m
[0mGET /inscription [32m200 [0m5.913 ms - 1263[0m
[0mGET /css/style.css [32m200 [0m1.028 ms - 76[0m
[0mGET /js/script.js [32m200 [0m1.230 ms - 1027[0m
[0mGET /favicon.ico [36m304 [0m0.653 ms - -[0m
[0mGET /favicon.ico [36m304 [0m0.628 ms - -[0m
[0mGET /inscription [32m200 [0m12.389 ms - 2877[0m
[0mGET /css/style.css [32m200 [0m1.213 ms - 76[0m
[0mGET /favicon.ico [36m304 [0m0.952 ms - -[0m
[0mGET /favicon.ico [36m304 [0m0.518 ms - -[0m
[0mGET /inscription [32m200 [0m4.985 ms - 2875[0m
[0mGET /css/style.css [32m200 [0m1.124 ms - 76[0m
[0mGET /favicon.ico [36m304 [0m0.709 ms - -[0m
[0mGET /favicon.ico [36m304 [0m1.113 ms - -[0m
[0mGET /inscription [32m200 [0m110.775 ms - 3106[0m
[0mGET /css/style.css [32m200 [0m28.603 ms - 76[0m
[0mGET /favicon.ico [36m304 [0m46.372 ms - -[0m
[0mGET /favicon.ico [36m304 [0m0.769 ms - -[0m
[0mGET /inscription [32m200 [0m13.709 ms - 3036[0m
[0mGET /css/style.css [32m200 [0m1.931 ms - 76[0m
[0mGET /favicon.ico [36m304 [0m1.372 ms - -[0m
[0mGET /favicon.ico [36m304 [0m0.589 ms - -[0m
[0mGET /inscription [32m200 [0m3.050 ms - 2981[0m
[0mGET /css/style.css [32m200 [0m1.101 ms - 76[0m
[0mGET /favicon.ico [36m304 [0m1.805 ms - -[0m
[0mGET /favicon.ico [36m304 [0m0.711 ms - -[0m
[0mGET /inscription [32m200 [0m3.356 ms - 3028[0m
[0mGET /css/style.css [32m200 [0m1.947 ms - 76[0m
[0mGET /favicon.ico [36m304 [0m0.843 ms - -[0m
[0mGET /favicon.ico [36m304 [0m1.211 ms - -[0m
[0mGET /inscription [32m200 [0m2.772 ms - 3048[0m
[0mGET /css/style.css [32m200 [0m1.996 ms - 76[0m
[0mGET /favicon.ico [36m304 [0m0.709 ms - -[0m
[0mGET /favicon.ico [36m304 [0m0.871 ms - -[0m
[0mGET /inscription [32m200 [0m4.244 ms - 3136[0m
[0mGET /css/style.css [32m200 [0m1.615 ms - 76[0m
[0mGET /favicon.ico [36m304 [0m0.646 ms - -[0m
[0mGET /favicon.ico [36m304 [0m0.944 ms - -[0m
[0mGET /inscription [32m200 [0m3.020 ms - 3133[0m
[0mGET /css/style.css [32m200 [0m1.433 ms - 76[0m
[0mGET /favicon.ico [36m304 [0m0.792 ms - -[0m
[0mGET /favicon.ico [36m304 [0m0.516 ms - -[0m
[0mGET /inscription [32m200 [0m6.623 ms - 3118[0m
[0mGET /css/style.css [32m200 [0m2.214 ms - 76[0m
[0mGET /favicon.ico [36m304 [0m0.855 ms - -[0m
[0mGET /favicon.ico [36m304 [0m0.763 ms - -[0m
[0mGET /inscription [32m200 [0m5.915 ms - 3107[0m
[0mGET /css/style.css [32m200 [0m0.885 ms - 76[0m
[0mGET /favicon.ico [36m304 [0m0.800 ms - -[0m
[0mGET /favicon.ico [36m304 [0m0.571 ms - -[0m
[0mGET /inscription [32m200 [0m5.513 ms - 3118[0m
[0mGET /css/style.css [32m200 [0m1.029 ms - 76[0m
[0mGET /favicon.ico [36m304 [0m0.938 ms - -[0m
[0mGET /favicon.ico [36m304 [0m0.674 ms - -[0m
[0mGET /inscription [32m200 [0m6.202 ms - 3120[0m
[0mGET /css/style.css [32m200 [0m1.154 ms - 76[0m
[0mGET /favicon.ico [36m304 [0m0.650 ms - -[0m
[0mGET /favicon.ico [36m304 [0m0.541 ms - -[0m
[0mGET /inscription [32m200 [0m2.689 ms - 3118[0m
[0mGET /css/style.css [32m200 [0m1.391 ms - 76[0m
[0mGET /favicon.ico [36m304 [0m0.554 ms - -[0m
[0mGET /favicon.ico [36m304 [0m0.613 ms - -[0m
[0mGET /inscription [32m200 [0m4.740 ms - 3118[0m
[0mGET /css/style.css [32m200 [0m1.051 ms - 76[0m
[0mGET /favicon.ico [36m304 [0m0.745 ms - -[0m
[0mGET /favicon.ico [36m304 [0m1.208 ms - -[0m
[0mGET /inscription [36m304 [0m4.142 ms - -[0m
[0mGET /css/style.css [36m304 [0m0.566 ms - -[0m
[0mGET /favicon.ico [36m304 [0m0.558 ms - -[0m
[0mGET /favicon.ico [36m304 [0m0.582 ms - -[0m
[0mGET /inscription [32m200 [0m4.712 ms - 3119[0m
[0mGET /css/style.css [32m200 [0m1.867 ms - 76[0m
[0mGET /favicon.ico [36m304 [0m0.816 ms - -[0m
[0mGET /favicon.ico [36m304 [0m0.927 ms - -[0m
[0mGET /inscription [32m200 [0m3.747 ms - 3120[0m
[0mGET /css/style.css [32m200 [0m1.311 ms - 76[0m
[0mGET /favicon.ico [36m304 [0m0.759 ms - -[0m
[0mGET /favicon.ico [36m304 [0m1.549 ms - -[0m
[0mGET /inscription [32m200 [0m3.459 ms - 3122[0m
[0mGET /css/style.css [32m200 [0m1.326 ms - 76[0m
[0mGET /favicon.ico [36m304 [0m0.891 ms - -[0m
[0mGET /favicon.ico [36m304 [0m0.484 ms - -[0m
[0mGET /inscription [32m200 [0m3.522 ms - 3197[0m
[0mGET /css/style.css [32m200 [0m3.013 ms - 76[0m
[0mGET /favicon.ico [36m304 [0m0.559 ms - -[0m
[0mGET /favicon.ico [36m304 [0m0.677 ms - -[0m
[0mGET /inscription [32m200 [0m4.708 ms - 3195[0m
[0mGET /css/style.css [32m200 [0m2.348 ms - 76[0m
[0mGET /favicon.ico [36m304 [0m0.592 ms - -[0m
[0mGET /favicon.ico [36m304 [0m0.683 ms - -[0m
[0mGET / [32m200 [0m12.539 ms - 888[0m
[0mGET /css/style.css [32m200 [0m2.295 ms - 76[0m
[0mGET /inscription [32m200 [0m4.345 ms - 3240[0m
[0mGET /css/style.css [32m200 [0m1.196 ms - 76[0m
[0mGET /favicon.ico [36m304 [0m1.437 ms - -[0m
[0mGET /favicon.ico [36m304 [0m0.663 ms - -[0m
[0mGET /inscription [32m200 [0m2.538 ms - 3240[0m
[0mGET /css/style.css [32m200 [0m0.773 ms - 76[0m
[0mGET /favicon.ico [36m304 [0m0.641 ms - -[0m
[0mGET /favicon.ico [36m304 [0m0.573 ms - -[0m
[0mGET /inscription [32m200 [0m2.891 ms - 3184[0m
[0mGET /css/style.css [32m200 [0m0.982 ms - 76[0m
[0mGET /favicon.ico [36m304 [0m0.869 ms - -[0m
[0mGET /favicon.ico [36m304 [0m0.661 ms - -[0m
[0mGET /inscription [32m200 [0m5.493 ms - 3179[0m
[0mGET /css/style.css [32m200 [0m1.733 ms - 76[0m
[0mGET /favicon.ico [36m304 [0m0.803 ms - -[0m
[0mGET /favicon.ico [36m304 [0m1.281 ms - -[0m
[0mGET /inscription [32m200 [0m3.084 ms - 3196[0m
[0mGET /css/style.css [32m200 [0m0.978 ms - 76[0m
[0mGET /favicon.ico [36m304 [0m0.708 ms - -[0m
[0mGET /favicon.ico [36m304 [0m0.579 ms - -[0m
[0mGET /inscription [32m200 [0m3.505 ms - 3156[0m
[0mGET /css/style.css [32m200 [0m1.047 ms - 76[0m
[0mGET /favicon.ico [36m304 [0m0.650 ms - -[0m
[0mGET /favicon.ico [36m304 [0m0.715 ms - -[0m
[0mGET /inscription [32m200 [0m3.640 ms - 3117[0m
[0mGET /css/style.css [32m200 [0m1.054 ms - 76[0m
[0mGET /favicon.ico [36m304 [0m3.341 ms - -[0m
[0mGET /favicon.ico [36m304 [0m1.759 ms - -[0m
[0mGET /inscription [32m200 [0m3.624 ms - 3153[0m
[0mGET /css/style.css [32m200 [0m1.101 ms - 76[0m
[0mGET /favicon.ico [36m304 [0m1.082 ms - -[0m
[0mGET /favicon.ico [36m304 [0m0.651 ms - -[0m
[0mGET /inscription [32m200 [0m3.002 ms - 3154[0m
[0mGET /css/style.css [32m200 [0m1.466 ms - 76[0m
[0mGET /favicon.ico [36m304 [0m0.633 ms - -[0m
[0mGET /favicon.ico [36m304 [0m0.944 ms - -[0m
[0mGET /inscription [32m200 [0m2.778 ms - 3163[0m
[0mGET /css/style.css [32m200 [0m1.131 ms - 76[0m
[0mGET /favicon.ico [36m304 [0m0.694 ms - -[0m
[0mGET /favicon.ico [36m304 [0m0.576 ms - -[0m
[0mGET /inscription [32m200 [0m2.895 ms - 3169[0m
[0mGET /css/style.css [32m200 [0m1.500 ms - 76[0m
[0mGET /favicon.ico [36m304 [0m0.673 ms - -[0m
[0mGET /favicon.ico [36m304 [0m0.589 ms - -[0m
[0mGET /inscription [32m200 [0m2.769 ms - 3173[0m
[0mGET /css/style.css [32m200 [0m1.391 ms - 76[0m
[0mGET /favicon.ico [36m304 [0m0.769 ms - -[0m
[0mGET /favicon.ico [36m304 [0m0.920 ms - -[0m
[0mGET /inscription [32m200 [0m3.030 ms - 3173[0m
[0mGET /css/style.css [32m200 [0m1.055 ms - 76[0m
[0mGET /favicon.ico [36m304 [0m0.557 ms - -[0m
[0mGET /favicon.ico [36m304 [0m0.590 ms - -[0m
[0mGET /inscription [32m200 [0m3.243 ms - 3169[0m
[0mGET /css/style.css [32m200 [0m17.283 ms - 76[0m
[0mGET /favicon.ico [36m304 [0m1.505 ms - -[0m
[0mGET /favicon.ico [36m304 [0m0.508 ms - -[0m
[0mGET /inscription [32m200 [0m4.724 ms - 3200[0m
[0mGET /css/style.css [32m200 [0m0.937 ms - 76[0m
[0mGET /favicon.ico [36m304 [0m0.578 ms - -[0m
[0mGET /favicon.ico [36m304 [0m0.638 ms - -[0m
[0mGET /inscription [32m200 [0m3.449 ms - 3186[0m
[0mGET /css/style.css [32m200 [0m1.295 ms - 76[0m
[0mGET /favicon.ico [36m304 [0m0.563 ms - -[0m
[0mGET /favicon.ico [36m304 [0m1.942 ms - -[0m
[0mGET /inscription [32m200 [0m2.941 ms - 3161[0m
[0mGET /css/style.css [32m200 [0m0.908 ms - 76[0m
[0mGET /favicon.ico [36m304 [0m0.512 ms - -[0m
[0mGET /favicon.ico [36m304 [0m0.990 ms - -[0m
[0mGET /inscription [32m200 [0m2.942 ms - 3223[0m
[0mGET /css/style.css [32m200 [0m1.199 ms - 76[0m
[0mGET /favicon.ico [36m304 [0m0.621 ms - -[0m
[0mGET /favicon.ico [36m304 [0m0.657 ms - -[0m
[0mGET /inscription [32m200 [0m2.503 ms - 3223[0m
[0mGET /css/style.css [32m200 [0m0.901 ms - 76[0m
[0mGET /favicon.ico [36m304 [0m0.526 ms - -[0m
[0mGET /favicon.ico [36m304 [0m0.590 ms - -[0m
[0mGET /inscription [32m200 [0m3.436 ms - 3225[0m
[0mGET /css/style.css [32m200 [0m1.544 ms - 76[0m
[0mGET /favicon.ico [36m304 [0m0.562 ms - -[0m
[0mGET /favicon.ico [36m304 [0m0.981 ms - -[0m
[0mGET /inscription [32m200 [0m5.389 ms - 3225[0m
[0mGET /css/style.css [32m200 [0m1.240 ms - 76[0m
[0mGET /favicon.ico [36m304 [0m0.633 ms - -[0m
[0mGET /favicon.ico [36m304 [0m0.591 ms - -[0m
[0mGET /inscription [36m304 [0m3.224 ms - -[0m
[0mGET /css/style.css [36m304 [0m0.857 ms - -[0m
[0mGET /favicon.ico [36m304 [0m0.703 ms - -[0m
[0mGET /favicon.ico [36m304 [0m0.729 ms - -[0m
[0mPOST /inscription/personnel [36m302 [0m65.263 ms - 68[0m
[0mGET /inscription [32m200 [0m3.027 ms - 3225[0m
[0mGET /css/style.css [36m304 [0m0.853 ms - -[0m
[0mGET /favicon.ico [36m304 [0m0.680 ms - -[0m
[0mGET /favicon.ico [36m304 [0m1.491 ms - -[0m
[0mGET /inscription [32m200 [0m4.482 ms - 2875[0m
[0mGET /css/style.css [32m200 [0m1.530 ms - 76[0m
[0mGET /favicon.ico [36m304 [0m0.658 ms - -[0m
[0mGET /favicon.ico [36m304 [0m0.732 ms - -[0m
[0mPOST /inscription/personnel [36m302 [0m2.314 ms - 68[0m
[0mGET /inscription [32m200 [0m3.799 ms - 2875[0m
[0mGET /css/style.css [36m304 [0m0.609 ms - -[0m
[0mGET /favicon.ico [36m304 [0m2.365 ms - -[0m
[0mGET /favicon.ico [36m304 [0m0.573 ms - -[0m
[0mGET /inscription [32m200 [0m3.501 ms - 2881[0m
[0mGET /css/style.css [32m200 [0m1.035 ms - 76[0m
[0mGET /favicon.ico [36m304 [0m0.584 ms - -[0m
[0mGET /favicon.ico [36m304 [0m1.002 ms - -[0m
[0mGET /inscription [32m200 [0m2.551 ms - 2855[0m
[0mGET /css/style.css [32m200 [0m1.121 ms - 76[0m
[0mGET /favicon.ico [36m304 [0m0.548 ms - -[0m
[0mGET /favicon.ico [36m304 [0m0.824 ms - -[0m
[0mGET /inscription [32m200 [0m4.043 ms - 2852[0m
[0mGET /css/style.css [32m200 [0m1.459 ms - 76[0m
[0mGET /favicon.ico [36m304 [0m0.800 ms - -[0m
[0mGET /favicon.ico [36m304 [0m0.555 ms - -[0m
[0mGET /inscription [32m200 [0m4.627 ms - 2843[0m
[0mGET /css/style.css [32m200 [0m0.880 ms - 76[0m
[0mGET /favicon.ico [36m304 [0m0.908 ms - -[0m
[0mGET /favicon.ico [36m304 [0m1.564 ms - -[0m
[0mGET /inscription [32m200 [0m5.845 ms - 2829[0m
[0mGET /css/style.css [32m200 [0m0.889 ms - 76[0m
[0mGET /favicon.ico [36m304 [0m0.645 ms - -[0m
[0mGET /favicon.ico [36m304 [0m0.595 ms - -[0m
[0mGET /inscription [32m200 [0m4.062 ms - 2732[0m
[0mGET /css/style.css [32m200 [0m1.021 ms - 76[0m
[0mGET /favicon.ico [36m304 [0m0.538 ms - -[0m
[0mGET /favicon.ico [36m304 [0m0.504 ms - -[0m
[0mGET /inscription [32m200 [0m5.087 ms - 2768[0m
[0mGET /css/style.css [32m200 [0m0.825 ms - 76[0m
[0mGET /favicon.ico [36m304 [0m0.551 ms - -[0m
[0mGET /favicon.ico [36m304 [0m0.631 ms - -[0m
[0mGET /inscription [32m200 [0m3.223 ms - 2738[0m
[0mGET /css/style.css [32m200 [0m1.210 ms - 76[0m
[0mGET /favicon.ico [36m304 [0m0.577 ms - -[0m
[0mGET /favicon.ico [36m304 [0m0.568 ms - -[0m
