[0mGET / [32m200 [0m146.905 ms - 1235[0m
[0mGET /css/style.css [32m200 [0m55.291 ms - 228[0m
[0mGET /favicon.ico [32m200 [0m10.047 ms - 1150[0m
[0mGET /favicon.ico [36m304 [0m6.018 ms - -[0m
[0mGET /inscription [32m200 [0m25.870 ms - 1647[0m
[0mGET /js/script.js [32m200 [0m5.924 ms - 1257[0m
[0mGET /css/style.css [36m304 [0m4.952 ms - -[0m
[0mGET /favicon.ico [36m304 [0m2.055 ms - -[0m
[0mGET /favicon.ico [36m304 [0m1.908 ms - -[0m
[0mGET /inscription [32m200 [0m13.299 ms - 1647[0m
[0mGET /css/style.css [32m200 [0m42.245 ms - 228[0m
[0mGET /js/script.js [32m200 [0m15.439 ms - 1260[0m
[0mGET /favicon.ico [36m304 [0m3.856 ms - -[0m
[0mGET /favicon.ico [36m304 [0m6.351 ms - -[0m
[0mPOST /inscription/personnel [36m302 [0m214.794 ms - 68[0m
[0mGET /inscription [32m200 [0m9.727 ms - 1647[0m
[0mGET /css/style.css [36m304 [0m9.751 ms - -[0m
[0mGET /js/script.js [36m304 [0m10.421 ms - -[0m
[0mGET /favicon.ico [36m304 [0m1.730 ms - -[0m
[0mGET /favicon.ico [36m304 [0m1.744 ms - -[0m
[0mGET /admin [32m200 [0m11.697 ms - 1034[0m
[0mGET /css/style.css [36m304 [0m4.371 ms - -[0m
[0mGET /favicon.ico [36m304 [0m2.424 ms - -[0m
[0mGET /favicon.ico [36m304 [0m3.974 ms - -[0m
[0mGET /admin/status [32m200 [0m23.825 ms - 1139[0m
[0mGET /css/style.css [36m304 [0m2.376 ms - -[0m
[0mGET /favicon.ico [36m304 [0m2.214 ms - -[0m
[0mGET /favicon.ico [36m304 [0m3.543 ms - -[0m
[0mGET /ad [33m404 [0m12.984 ms - 632[0m
[0mGET /css/style.css [36m304 [0m2.214 ms - -[0m
[0mGET /favicon.ico [36m304 [0m2.215 ms - -[0m
[0mGET /favicon.ico [36m304 [0m2.137 ms - -[0m
[0mGET /admin/status [36m304 [0m19.716 ms - -[0m
[0mGET /css/style.css [36m304 [0m6.444 ms - -[0m
[0mGET /favicon.ico [36m304 [0m2.171 ms - -[0m
[0mGET /favicon.ico [36m304 [0m2.204 ms - -[0m
[0mGET /inscription [36m304 [0m8.104 ms - -[0m
[0mGET /css/style.css [36m304 [0m6.259 ms - -[0m
[0mGET /js/script.js [36m304 [0m5.175 ms - -[0m
[0mGET /favicon.ico [36m304 [0m2.220 ms - -[0m
[0mGET /favicon.ico [36m304 [0m8.514 ms - -[0m
[0mPOST /inscription/personnel [36m302 [0m31.269 ms - 68[0m
[0mGET /inscription [32m200 [0m10.777 ms - 1647[0m
[0mGET /css/style.css [36m304 [0m4.163 ms - -[0m
[0mGET /js/script.js [36m304 [0m3.966 ms - -[0m
[0mGET /favicon.ico [36m304 [0m1.715 ms - -[0m
[0mGET /favicon.ico [36m304 [0m2.691 ms - -[0m
[0mGET /inscription [32m200 [0m124.791 ms - 1647[0m
[0mGET /css/style.css [32m200 [0m56.422 ms - 228[0m
[0mGET /js/script.js [32m200 [0m56.915 ms - 1260[0m
[0mGET /favicon.ico [36m304 [0m6.020 ms - -[0m
[0mGET /favicon.ico [36m304 [0m2.890 ms - -[0m
[0mPOST /inscription/personnel [36m302 [0m173.921 ms - 68[0m
[0mGET /inscription [32m200 [0m14.763 ms - 1647[0m
[0mGET /css/style.css [36m304 [0m6.488 ms - -[0m
[0mGET /js/script.js [36m304 [0m4.884 ms - -[0m
[0mGET /favicon.ico [36m304 [0m1.642 ms - -[0m
[0mGET /favicon.ico [36m304 [0m4.340 ms - -[0m
[0mGET / [32m200 [0m137.387 ms - 1235[0m
[0mGET /css/style.css [36m304 [0m20.172 ms - -[0m
[0mGET /favicon.ico [36m304 [0m9.237 ms - -[0m
[0mGET /favicon.ico [36m304 [0m1.667 ms - -[0m
[0mGET /inscription [36m304 [0m25.580 ms - -[0m
[0mGET /js/script.js [36m304 [0m7.960 ms - -[0m
[0mGET /css/style.css [36m304 [0m8.555 ms - -[0m
[0mGET /favicon.ico [36m304 [0m2.444 ms - -[0m
[0mGET /favicon.ico [36m304 [0m2.911 ms - -[0m
[0mPOST /inscription/personnel [36m302 [0m168.617 ms - 68[0m
[0mGET /inscription [32m200 [0m10.204 ms - 1647[0m
[0mGET /css/style.css [36m304 [0m3.551 ms - -[0m
[0mGET /js/script.js [36m304 [0m1.988 ms - -[0m
[0mGET /favicon.ico [36m304 [0m1.846 ms - -[0m
[0mGET /favicon.ico [36m304 [0m10.619 ms - -[0m
[0mGET /admin [36m304 [0m12.051 ms - -[0m
[0mGET /css/style.css [36m304 [0m2.756 ms - -[0m
[0mGET /favicon.ico [36m304 [0m7.782 ms - -[0m
[0mGET /favicon.ico [36m304 [0m2.384 ms - -[0m
[0mGET /admin/status [36m304 [0m18.511 ms - -[0m
[0mGET /css/style.css [36m304 [0m2.685 ms - -[0m
[0mGET /favicon.ico [36m304 [0m2.593 ms - -[0m
[0mGET /favicon.ico [36m304 [0m2.420 ms - -[0m
