[0mGET / [32m200 [0m154.958 ms - 886[0m
[0mGET /css/style.css [32m200 [0m59.551 ms - 76[0m
[0mGET /favicon.ico [32m200 [0m11.415 ms - 1150[0m
[0mGET /favicon.ico [36m304 [0m9.857 ms - -[0m
[0mGET / [32m200 [0m33.349 ms - 886[0m
[0mGET /css/style.css [32m200 [0m8.582 ms - 76[0m
[0mGET /favicon.ico [36m304 [0m3.487 ms - -[0m
[0mGET /favicon.ico [36m304 [0m2.544 ms - -[0m
[0mGET /inscription [32m200 [0m18.118 ms - 2572[0m
[0mGET /css/style.css [36m304 [0m5.238 ms - -[0m
[0mGET /favicon.ico [36m304 [0m2.479 ms - -[0m
[0mGET /favicon.ico [36m304 [0m2.453 ms - -[0m
[0mPOST /inscription/personnel [36m302 [0m172.684 ms - 68[0m
[0mGET /inscription [32m200 [0m12.150 ms - 2572[0m
[0mGET /css/style.css [36m304 [0m4.071 ms - -[0m
[0mGET /favicon.ico [36m304 [0m1.995 ms - -[0m
[0mGET /favicon.ico [36m304 [0m2.021 ms - -[0m
[0mGET /inscription [32m200 [0m21.985 ms - 2572[0m
[0mGET /css/style.css [32m200 [0m50.336 ms - 76[0m
[0mGET /favicon.ico [36m304 [0m1.838 ms - -[0m
[0mGET /favicon.ico [36m304 [0m1.976 ms - -[0m
[0mPOST /inscription/personnel [36m302 [0m22.800 ms - 68[0m
[0mPOST /inscription/personnel [36m302 [0m13.956 ms - 68[0m
[0mGET /inscription [32m200 [0m20.503 ms - 2572[0m
[0mGET /css/style.css [36m304 [0m5.133 ms - -[0m
[0mGET /favicon.ico [36m304 [0m2.716 ms - -[0m
[0mGET /favicon.ico [36m304 [0m1.750 ms - -[0m
[0mPOST /inscription/personnel [36m302 [0m10.455 ms - 68[0m
[0mGET /inscription [32m200 [0m7.627 ms - 2572[0m
[0mGET /css/style.css [36m304 [0m2.164 ms - -[0m
[0mGET /favicon.ico [36m304 [0m2.553 ms - -[0m
[0mGET /favicon.ico [36m304 [0m3.085 ms - -[0m
[0mGET /inscription [32m200 [0m36.217 ms - 2605[0m
[0mGET /inscription [32m200 [0m139.933 ms - 2750[0m
[0mGET /css/style.css [32m200 [0m46.624 ms - 76[0m
[0mGET /favicon.ico [36m304 [0m9.719 ms - -[0m
[0mGET /favicon.ico [36m304 [0m3.416 ms - -[0m
[0mGET /inscription [32m200 [0m19.632 ms - 2750[0m
[0mPOST /inscription/personnel [36m302 [0m193.934 ms - 68[0m
[0mGET /inscription [32m200 [0m13.942 ms - 2750[0m
[0mGET /css/style.css [36m304 [0m2.916 ms - -[0m
[0mGET /favicon.ico [36m304 [0m1.982 ms - -[0m
[0mGET /favicon.ico [36m304 [0m2.284 ms - -[0m
[0mGET /inscription [32m200 [0m8.546 ms - 2750[0m
[0mGET /inscription [32m200 [0m25.293 ms - 2705[0m
[0mGET /css/style.css [32m200 [0m40.739 ms - 76[0m
[0mGET /favicon.ico [36m304 [0m2.267 ms - -[0m
[0mGET /favicon.ico [36m304 [0m4.984 ms - -[0m
[0mGET /inscription [32m200 [0m9.570 ms - 2705[0m
[0mPOST /inscription/personnel [36m302 [0m19.237 ms - 68[0m
[0mPOST /inscription/personnel [36m302 [0m24.896 ms - 68[0m
[0mGET /inscription [32m200 [0m7.960 ms - 2705[0m
[0mGET /inscription [32m200 [0m17.213 ms - 2705[0m
[0mGET /css/style.css [36m304 [0m4.069 ms - -[0m
[0mGET /favicon.ico [36m304 [0m1.952 ms - -[0m
[0mGET /favicon.ico [36m304 [0m1.863 ms - -[0m
[0mGET /inscription [32m200 [0m17.460 ms - 2705[0m
[0mGET /css/style.css [32m200 [0m40.115 ms - 76[0m
[0mGET /favicon.ico [36m304 [0m1.834 ms - -[0m
[0mGET /favicon.ico [36m304 [0m2.312 ms - -[0m
[0mGET /inscription [32m200 [0m7.498 ms - 2705[0m
[0mPOST /inscription/personnel [36m302 [0m11.413 ms - 68[0m
[0mPOST /inscription/personnel [36m302 [0m22.210 ms - 68[0m
[0mGET /inscription [32m200 [0m11.438 ms - 2705[0m
[0mGET /inscription [32m200 [0m12.850 ms - 2705[0m
[0mGET /css/style.css [36m304 [0m14.414 ms - -[0m
[0mGET /favicon.ico [36m304 [0m1.892 ms - -[0m
[0mGET /favicon.ico [36m304 [0m1.907 ms - -[0m
[0mGET /inscription [32m200 [0m139.225 ms - 2705[0m
[0mGET /css/style.css [32m200 [0m58.943 ms - 76[0m
[0mGET /favicon.ico [36m304 [0m11.004 ms - -[0m
[0mGET /inscription [32m200 [0m20.581 ms - 2705[0m
[0mGET /favicon.ico [36m304 [0m2.806 ms - -[0m
[0mGET /inscription [32m200 [0m134.206 ms - 2705[0m
[0mGET /css/style.css [32m200 [0m54.321 ms - 76[0m
[0mGET /favicon.ico [36m304 [0m10.448 ms - -[0m
[0mGET /inscription [32m200 [0m19.778 ms - 2705[0m
[0mGET /favicon.ico [36m304 [0m2.665 ms - -[0m
[0mGET /inscription [32m200 [0m134.809 ms - 2705[0m
[0mGET /css/style.css [32m200 [0m54.229 ms - 76[0m
[0mGET /favicon.ico [36m304 [0m10.450 ms - -[0m
[0mGET /inscription [32m200 [0m20.214 ms - 2705[0m
[0mGET /favicon.ico [36m304 [0m2.547 ms - -[0m
[0mGET /inscription [32m200 [0m126.831 ms - 2705[0m
[0mGET /css/style.css [32m200 [0m47.636 ms - 76[0m
[0mGET /favicon.ico [36m304 [0m9.582 ms - -[0m
[0mGET /favicon.ico [36m304 [0m3.053 ms - -[0m
[0mGET /inscription [32m200 [0m18.895 ms - 2705[0m
[0mPOST /inscription/personnel [36m302 [0m194.266 ms - 68[0m
[0mPOST /inscription/personnel [36m302 [0m13.530 ms - 68[0m
[0mGET /inscription [32m200 [0m17.020 ms - 2705[0m
[0mGET /inscription [32m200 [0m7.791 ms - 2705[0m
[0mGET /css/style.css [36m304 [0m4.660 ms - -[0m
[0mGET /favicon.ico [36m304 [0m1.810 ms - -[0m
[0mGET /favicon.ico [36m304 [0m1.918 ms - -[0m
[0mGET /inscription [32m200 [0m125.030 ms - 2705[0m
[0mGET /css/style.css [32m200 [0m45.469 ms - 76[0m
[0mGET /favicon.ico [36m304 [0m9.480 ms - -[0m
[0mGET /favicon.ico [36m304 [0m3.005 ms - -[0m
[0mGET /inscription [32m200 [0m18.860 ms - 2705[0m
[0mPOST /inscription/personnel [36m302 [0m185.550 ms - 68[0m
[0mGET /inscription [32m200 [0m8.982 ms - 2705[0m
[0mGET /css/style.css [36m304 [0m2.298 ms - -[0m
[0mGET /favicon.ico [36m304 [0m2.024 ms - -[0m
[0mGET /favicon.ico [36m304 [0m1.820 ms - -[0m
[0mGET /inscription [32m200 [0m9.661 ms - 2705[0m
[0mGET /inscription [32m200 [0m126.474 ms - 2705[0m
[0mGET /css/style.css [32m200 [0m45.454 ms - 76[0m
[0mGET /favicon.ico [36m304 [0m9.509 ms - -[0m
[0mGET /favicon.ico [36m304 [0m3.149 ms - -[0m
[0mGET /inscription [32m200 [0m18.959 ms - 2705[0m
[0mGET /inscription [32m200 [0m138.297 ms - 2705[0m
[0mGET /css/style.css [32m200 [0m57.010 ms - 76[0m
[0mGET /inscription [32m200 [0m20.368 ms - 2705[0m
[0mGET /inscription [32m200 [0m133.752 ms - 2705[0m
[0mGET /css/style.css [32m200 [0m54.407 ms - 76[0m
[0mGET /inscription [32m200 [0m19.624 ms - 2705[0m
[0mGET /inscription [32m200 [0m133.452 ms - 2705[0m
[0mGET /css/style.css [32m200 [0m54.156 ms - 76[0m
[0mGET /inscription [32m200 [0m19.736 ms - 2705[0m
[0mPOST /inscription/personnel [36m302 [0m189.178 ms - 68[0m
[0mGET /inscription [32m200 [0m9.092 ms - 2705[0m
[0mGET /css/style.css [36m304 [0m11.011 ms - -[0m
[0mGET /inscription [32m200 [0m7.236 ms - 2705[0m
[0mGET /inscription [32m200 [0m134.085 ms - 2705[0m
[0mGET /css/style.css [32m200 [0m55.688 ms - 76[0m
[0mGET /inscription [32m200 [0m19.801 ms - 2705[0m
[0mGET /inscription [32m200 [0m137.813 ms - 2766[0m
[0mGET /css/style.css [32m200 [0m56.570 ms - 76[0m
[0mGET /inscription [32m200 [0m20.688 ms - 2766[0m
[0mPOST /inscription/personnel [36m302 [0m195.292 ms - 68[0m
[0mGET /inscription [32m200 [0m9.354 ms - 2766[0m
[0mGET /css/style.css [36m304 [0m11.117 ms - -[0m
[0mGET /inscription [32m200 [0m8.306 ms - 2766[0m
[0mGET /inscription [32m200 [0m124.868 ms - 2766[0m
[0mGET /css/style.css [32m200 [0m45.566 ms - 76[0m
[0mGET /inscription [32m200 [0m19.773 ms - 2766[0m
[0mGET / [32m200 [0m181.237 ms - 886[0m
[0mGET /css/style.css [32m200 [0m10.445 ms - 76[0m
[0mGET / [32m200 [0m5.757 ms - 886[0m
[0mGET /css/style.css [32m200 [0m1.772 ms - 76[0m
[0mGET /favicon.ico [36m304 [0m91.190 ms - -[0m
[0mGET /favicon.ico [36m304 [0m0.660 ms - -[0m
[0mGET / [32m200 [0m44.681 ms - 888[0m
[0mGET /css/style.css [32m200 [0m9.724 ms - 76[0m
[0mGET /favicon.ico [36m304 [0m1.940 ms - -[0m
[0mGET /favicon.ico [36m304 [0m0.817 ms - -[0m
[0mGET /inscription [32m200 [0m4.680 ms - 2768[0m
[0mGET /css/style.css [36m304 [0m1.141 ms - -[0m
[0mGET /favicon.ico [36m304 [0m0.951 ms - -[0m
[0mGET /favicon.ico [36m304 [0m0.748 ms - -[0m
[0mPOST /inscription/personnel [36m302 [0m357.319 ms - 68[0m
[0mGET /inscription [32m200 [0m3.012 ms - 2768[0m
[0mGET /css/style.css [36m304 [0m0.684 ms - -[0m
[0mGET /favicon.ico [36m304 [0m1.018 ms - -[0m
[0mGET /favicon.ico [36m304 [0m0.551 ms - -[0m
[0mPOST /inscription/personnel [36m302 [0m2.341 ms - 68[0m
[0mGET /inscription [32m200 [0m2.272 ms - 2768[0m
[0mGET /css/style.css [36m304 [0m0.807 ms - -[0m
[0mGET /favicon.ico [36m304 [0m0.762 ms - -[0m
[0mGET /favicon.ico [36m304 [0m1.275 ms - -[0m
[0mGET /inscription [32m200 [0m35.685 ms - 2927[0m
[0mGET /css/style.css [36m304 [0m4.904 ms - -[0m
[0mGET /favicon.ico [36m304 [0m1.005 ms - -[0m
[0mGET /favicon.ico [36m304 [0m0.812 ms - -[0m
[0mGET /inscription [32m200 [0m4.819 ms - 2928[0m
[0mGET /css/style.css [32m200 [0m3.969 ms - 76[0m
[0mGET /favicon.ico [36m304 [0m1.816 ms - -[0m
[0mGET /favicon.ico [36m304 [0m1.041 ms - -[0m
