[0mGET / [32m200 [0m155.094 ms - 888[0m
[0mGET /css/style.css [32m200 [0m17.978 ms - 76[0m
[0mGET /favicon.ico [32m200 [0m29.583 ms - 1150[0m
[0mGET /favicon.ico [36m304 [0m3.034 ms - -[0m
[0mGET /admin/status [31m500 [0m49.960 ms - 1891[0m
[0mGET /favicon.ico [36m304 [0m0.874 ms - -[0m
[0mGET /favicon.ico [36m304 [0m32.088 ms - -[0m
[0mGET /admin/status [31m500 [0m34.108 ms - 1891[0m
[0mGET /favicon.ico [36m304 [0m4.137 ms - -[0m
[0mGET /favicon.ico [36m304 [0m1.166 ms - -[0m
[0mGET /admin/status [31m500 [0m86.873 ms - 1891[0m
[0mGET /favicon.ico [36m304 [0m4.096 ms - -[0m
[0mGET /favicon.ico [36m304 [0m1.272 ms - -[0m
[0mGET /admin/status [31m500 [0m49.702 ms - 1917[0m
[0mGET /favicon.ico [36m304 [0m6.294 ms - -[0m
[0mGET /favicon.ico [36m304 [0m1.902 ms - -[0m
[0mGET /admin/status [31m500 [0m34.305 ms - 1917[0m
[0mGET /favicon.ico [36m304 [0m4.085 ms - -[0m
[0mGET /favicon.ico [36m304 [0m2.456 ms - -[0m
[0mGET /admin/status [31m500 [0m43.043 ms - 1917[0m
[0mGET /favicon.ico [36m304 [0m6.878 ms - -[0m
[0mGET /favicon.ico [36m304 [0m1.054 ms - -[0m
[0mGET /admin/status [31m500 [0m5.573 ms - 1917[0m
[0mGET /favicon.ico [36m304 [0m0.756 ms - -[0m
[0mGET /favicon.ico [36m304 [0m0.598 ms - -[0m
[0mGET /admin/status [31m500 [0m38.324 ms - 1909[0m
[0mGET /favicon.ico [36m304 [0m5.150 ms - -[0m
[0mGET /favicon.ico [36m304 [0m1.338 ms - -[0m
[0mGET /admin/status [31m500 [0m38.593 ms - 1968[0m
[0mGET /favicon.ico [36m304 [0m4.526 ms - -[0m
[0mGET /favicon.ico [36m304 [0m2.114 ms - -[0m
[0mGET /admin/status [31m500 [0m44.002 ms - 1945[0m
[0mGET /favicon.ico [36m304 [0m4.652 ms - -[0m
[0mGET /favicon.ico [36m304 [0m1.147 ms - -[0m
[0mGET /admin/status [31m500 [0m6.161 ms - 1997[0m
[0mGET /favicon.ico [36m304 [0m0.570 ms - -[0m
[0mGET /favicon.ico [36m304 [0m0.542 ms - -[0m
[0mGET /admin/status [31m500 [0m5.049 ms - 2072[0m
[0mGET /favicon.ico [36m304 [0m0.751 ms - -[0m
[0mGET /favicon.ico [36m304 [0m0.544 ms - -[0m
[0mGET /admin/status [32m200 [0m5.141 ms - 569[0m
[0mGET /css/style.css [36m304 [0m1.407 ms - -[0m
[0mGET /favicon.ico [36m304 [0m1.657 ms - -[0m
[0mGET /favicon.ico [36m304 [0m0.803 ms - -[0m
[0mGET /admin/status [36m304 [0m32.743 ms - -[0m
[0mGET /css/style.css [36m304 [0m4.196 ms - -[0m
[0mGET /favicon.ico [36m304 [0m2.343 ms - -[0m
[0mGET /favicon.ico [36m304 [0m2.377 ms - -[0m
[0mGET /admin/status [32m200 [0m34.582 ms - 569[0m
[0mGET /css/style.css [32m200 [0m10.560 ms - 76[0m
[0mGET /favicon.ico [36m304 [0m2.030 ms - -[0m
[0mGET /favicon.ico [36m304 [0m0.776 ms - -[0m
[0mGET /admin/status [32m200 [0m201.018 ms - 632[0m
[0mGET /css/style.css [32m200 [0m20.549 ms - 76[0m
[0mGET /favicon.ico [36m304 [0m2.098 ms - -[0m
[0mGET /favicon.ico [36m304 [0m0.773 ms - -[0m
[0mGET /admin/status [32m200 [0m6.178 ms - 1168[0m
[0mGET /css/style.css [32m200 [0m2.032 ms - 76[0m
[0mGET /favicon.ico [36m304 [0m0.661 ms - -[0m
[0mGET /favicon.ico [36m304 [0m0.816 ms - -[0m
[0mGET /admin/status [32m200 [0m3.199 ms - 1156[0m
[0mGET /css/style.css [32m200 [0m1.214 ms - 76[0m
[0mGET /favicon.ico [36m304 [0m0.625 ms - -[0m
[0mGET /favicon.ico [36m304 [0m0.670 ms - -[0m
[0mGET /admin/status [31m500 [0m75.869 ms - 1885[0m
[0mGET /favicon.ico [36m304 [0m5.042 ms - -[0m
[0mGET /favicon.ico [36m304 [0m1.102 ms - -[0m
[0mGET /admin/status [31m500 [0m5.075 ms - 1236[0m
[0mGET /favicon.ico [36m304 [0m0.917 ms - -[0m
[0mGET /favicon.ico [36m304 [0m0.845 ms - -[0m
[0mGET /admin/status [31m500 [0m7.597 ms - 2025[0m
[0mGET /favicon.ico [36m304 [0m0.733 ms - -[0m
[0mGET /favicon.ico [36m304 [0m0.546 ms - -[0m
[0mGET /admin/status [32m200 [0m10.515 ms - 524[0m
[0mGET /css/style.css [32m200 [0m4.233 ms - 76[0m
[0mGET /favicon.ico [36m304 [0m0.921 ms - -[0m
[0mGET /favicon.ico [36m304 [0m0.602 ms - -[0m
[0mGET /admin/status [32m200 [0m34.040 ms - 524[0m
[0mGET /css/style.css [32m200 [0m7.179 ms - 76[0m
[0mGET /favicon.ico [36m304 [0m2.097 ms - -[0m
[0mGET /favicon.ico [36m304 [0m0.815 ms - -[0m
[0mGET /admin/status [32m200 [0m34.327 ms - 524[0m
[0mGET /css/style.css [32m200 [0m6.538 ms - 76[0m
[0mGET /favicon.ico [36m304 [0m2.717 ms - -[0m
[0mGET /favicon.ico [36m304 [0m1.346 ms - -[0m
[0mGET /admin/status [31m500 [0m36.775 ms - 1884[0m
[0mGET /favicon.ico [36m304 [0m4.098 ms - -[0m
[0mGET /favicon.ico [36m304 [0m3.084 ms - -[0m
[0mGET /admin/status [32m200 [0m38.561 ms - 1156[0m
[0mGET /css/style.css [32m200 [0m7.455 ms - 76[0m
[0mGET /favicon.ico [36m304 [0m3.399 ms - -[0m
[0mGET /favicon.ico [36m304 [0m0.959 ms - -[0m
[0mGET /admin/status [32m200 [0m207.711 ms - 1156[0m
[0mGET /css/style.css [32m200 [0m9.810 ms - 76[0m
[0mGET /favicon.ico [36m304 [0m32.238 ms - -[0m
[0mGET /favicon.ico [36m304 [0m1.246 ms - -[0m
[0mGET /inscription [31m500 [0m35.823 ms - 1730[0m
[0mGET /favicon.ico [36m304 [0m1.552 ms - -[0m
[0mGET /favicon.ico [36m304 [0m0.627 ms - -[0m
[0mGET /inscription [32m200 [0m32.047 ms - 1250[0m
[0mGET /css/style.css [32m200 [0m6.819 ms - 76[0m
[0mGET /js/script.js [32m200 [0m2.197 ms - 710[0m
[0mGET /favicon.ico [36m304 [0m2.008 ms - -[0m
[0mGET /favicon.ico [36m304 [0m1.424 ms - -[0m
[0mPOST /inscription/personnel [36m302 [0m66.162 ms - 68[0m
[0mGET /inscription [32m200 [0m4.421 ms - 1250[0m
[0mGET /css/style.css [36m304 [0m1.241 ms - -[0m
[0mGET /js/script.js [36m304 [0m1.178 ms - -[0m
[0mGET /favicon.ico [36m304 [0m1.046 ms - -[0m
[0mGET /favicon.ico [36m304 [0m0.576 ms - -[0m
[0mGET /admin/status [36m304 [0m40.881 ms - -[0m
[0mGET /css/style.css [36m304 [0m4.122 ms - -[0m
[0mGET /favicon.ico [36m304 [0m1.177 ms - -[0m
[0mGET /favicon.ico [36m304 [0m0.918 ms - -[0m
[0mGET /admin/status [32m200 [0m5.268 ms - 1156[0m
[0mGET /css/style.css [32m200 [0m4.637 ms - 76[0m
[0mGET /favicon.ico [36m304 [0m0.883 ms - -[0m
[0mGET /favicon.ico [36m304 [0m1.007 ms - -[0m
[0mGET /admin/status [32m200 [0m39.260 ms - 1156[0m
[0mGET /css/style.css [32m200 [0m6.875 ms - 76[0m
[0mGET /favicon.ico [36m304 [0m2.988 ms - -[0m
[0mGET /favicon.ico [36m304 [0m0.930 ms - -[0m
[0mGET /inscription [36m304 [0m5.653 ms - -[0m
[0mGET /css/style.css [36m304 [0m0.661 ms - -[0m
[0mGET /js/script.js [36m304 [0m0.999 ms - -[0m
[0mGET /favicon.ico [36m304 [0m0.572 ms - -[0m
[0mGET /favicon.ico [36m304 [0m0.713 ms - -[0m
[0mPOST /inscription/personnel [36m302 [0m60.981 ms - 68[0m
[0mGET /inscription [32m200 [0m2.831 ms - 1250[0m
[0mGET /css/style.css [36m304 [0m0.787 ms - -[0m
[0mGET /js/script.js [36m304 [0m0.572 ms - -[0m
[0mGET /favicon.ico [36m304 [0m0.671 ms - -[0m
[0mGET /favicon.ico [36m304 [0m0.976 ms - -[0m
[0mGET /inscription [32m200 [0m2.572 ms - 1250[0m
[0mGET /css/style.css [32m200 [0m4.389 ms - 76[0m
[0mGET /js/script.js [32m200 [0m1.126 ms - 706[0m
[0mGET /favicon.ico [36m304 [0m0.874 ms - -[0m
[0mGET /favicon.ico [36m304 [0m0.960 ms - -[0m
[0mPOST /inscription/personnel [36m302 [0m3.900 ms - 68[0m
[0mGET /inscription [32m200 [0m3.343 ms - 1250[0m
[0mGET /css/style.css [36m304 [0m1.442 ms - -[0m
[0mGET /js/script.js [36m304 [0m1.029 ms - -[0m
[0mGET /favicon.ico [36m304 [0m1.882 ms - -[0m
[0mGET /favicon.ico [36m304 [0m1.356 ms - -[0m
[0mGET /inscription [32m200 [0m32.088 ms - 1250[0m
[0mGET /css/style.css [32m200 [0m22.528 ms - 76[0m
[0mGET /js/script.js [32m200 [0m10.855 ms - 706[0m
[0mGET /favicon.ico [36m304 [0m3.242 ms - -[0m
[0mGET /favicon.ico [36m304 [0m0.919 ms - -[0m
[0mGET /inscription [31m500 [0m12.424 ms - 1211[0m
[0mGET /favicon.ico [36m304 [0m1.074 ms - -[0m
[0mGET /favicon.ico [36m304 [0m0.646 ms - -[0m
[0mGET /inscription [32m200 [0m3.193 ms - 2223[0m
[0mGET /css/style.css [32m200 [0m1.512 ms - 76[0m
[0mGET /favicon.ico [36m304 [0m0.586 ms - -[0m
[0mGET /favicon.ico [36m304 [0m1.566 ms - -[0m
[0mPOST /inscription/personnel [36m302 [0m56.012 ms - 68[0m
[0mGET /inscription [32m200 [0m2.759 ms - 2223[0m
[0mGET /css/style.css [36m304 [0m0.591 ms - -[0m
[0mGET /favicon.ico [36m304 [0m0.803 ms - -[0m
[0mGET /favicon.ico [36m304 [0m0.973 ms - -[0m
[0mGET /inscription [32m200 [0m32.304 ms - 2222[0m
[0mGET /css/style.css [32m200 [0m16.844 ms - 76[0m
[0mGET /favicon.ico [36m304 [0m3.003 ms - -[0m
[0mGET /favicon.ico [36m304 [0m0.981 ms - -[0m
[0mPOST /inscription/personnel [36m302 [0m52.713 ms - 68[0m
[0mGET /inscription [32m200 [0m5.457 ms - 2222[0m
[0mGET /css/style.css [36m304 [0m0.816 ms - -[0m
[0mGET /favicon.ico [36m304 [0m0.506 ms - -[0m
[0mGET /favicon.ico [36m304 [0m0.609 ms - -[0m
[0mGET /inscription [32m200 [0m3.647 ms - 2222[0m
[0mGET /css/style.css [32m200 [0m2.020 ms - 76[0m
[0mGET /favicon.ico [36m304 [0m0.531 ms - -[0m
[0mGET /favicon.ico [36m304 [0m0.712 ms - -[0m
[0mGET /inscription [36m304 [0m3.432 ms - -[0m
[0mGET /css/style.css [36m304 [0m0.655 ms - -[0m
[0mGET /favicon.ico [36m304 [0m1.040 ms - -[0m
[0mGET /favicon.ico [36m304 [0m0.742 ms - -[0m
[0mGET /inscription [32m200 [0m32.588 ms - 2222[0m
[0mGET /css/style.css [32m200 [0m15.191 ms - 76[0m
[0mGET /favicon.ico [36m304 [0m2.515 ms - -[0m
[0mGET /favicon.ico [36m304 [0m1.686 ms - -[0m
[0mPOST /inscription/personnel [36m302 [0m50.880 ms - 68[0m
[0mGET /inscription [32m200 [0m4.437 ms - 2222[0m
[0mGET /css/style.css [36m304 [0m1.405 ms - -[0m
[0mGET /favicon.ico [36m304 [0m0.941 ms - -[0m
[0mGET /favicon.ico [36m304 [0m0.606 ms - -[0m
[0mGET /inscription [32m200 [0m16.043 ms - 2345[0m
[0mGET /css/style.css [32m200 [0m14.448 ms - 76[0m
[0mGET /favicon.ico [36m304 [0m1.037 ms - -[0m
[0mGET /favicon.ico [36m304 [0m1.048 ms - -[0m
[0mPOST /inscription/personnel [36m302 [0m6.062 ms - 68[0m
[0mGET /inscription [32m200 [0m3.559 ms - 2345[0m
[0mGET /css/style.css [36m304 [0m0.735 ms - -[0m
[0mGET /favicon.ico [36m304 [0m0.673 ms - -[0m
[0mGET /favicon.ico [36m304 [0m0.937 ms - -[0m
[0mGET / [36m304 [0m39.811 ms - -[0m
[0mGET /css/style.css [36m304 [0m0.576 ms - -[0m
[0mGET /favicon.ico [36m304 [0m1.042 ms - -[0m
[0mGET /favicon.ico [36m304 [0m0.641 ms - -[0m
[0mGET / [32m200 [0m61.816 ms - 888[0m
[0mGET /css/style.css [32m200 [0m9.894 ms - 76[0m
[0mGET /favicon.ico [36m304 [0m2.198 ms - -[0m
[0mGET /favicon.ico [36m304 [0m0.819 ms - -[0m
[0mGET /inscription [32m200 [0m6.437 ms - 2516[0m
[0mGET /css/style.css [36m304 [0m0.611 ms - -[0m
[0mGET /favicon.ico [36m304 [0m0.537 ms - -[0m
[0mGET /favicon.ico [36m304 [0m0.736 ms - -[0m
[0mPOST /inscription/personnel [36m302 [0m243.551 ms - 68[0m
[0mGET /inscription [32m200 [0m3.111 ms - 2516[0m
[0mGET /css/style.css [36m304 [0m0.658 ms - -[0m
[0mGET /favicon.ico [36m304 [0m0.752 ms - -[0m
[0mGET /favicon.ico [36m304 [0m1.510 ms - -[0m
[0mGET /inscription [32m200 [0m31.768 ms - 2516[0m
[0mGET /css/style.css [32m200 [0m16.816 ms - 76[0m
[0mGET /favicon.ico [36m304 [0m3.083 ms - -[0m
[0mGET /favicon.ico [36m304 [0m0.833 ms - -[0m
[0mPOST /inscription/personnel [36m302 [0m47.990 ms - 68[0m
[0mGET /inscription [32m200 [0m6.742 ms - 2516[0m
[0mGET /css/style.css [36m304 [0m0.855 ms - -[0m
[0mGET /favicon.ico [36m304 [0m0.546 ms - -[0m
[0mGET /favicon.ico [36m304 [0m0.570 ms - -[0m
[0mGET /inscription [32m200 [0m4.427 ms - 2557[0m
[0mGET /css/style.css [32m200 [0m2.406 ms - 76[0m
[0mGET /favicon.ico [36m304 [0m0.560 ms - -[0m
[0mGET /favicon.ico [36m304 [0m1.625 ms - -[0m
[0mPOST /inscription/personnel [36m302 [0m4.315 ms - 68[0m
[0mGET /inscription [32m200 [0m3.775 ms - 2557[0m
[0mGET /css/style.css [36m304 [0m0.734 ms - -[0m
[0mGET /favicon.ico [36m304 [0m1.004 ms - -[0m
[0mGET /favicon.ico [36m304 [0m1.261 ms - -[0m
[0mGET /inscription [32m200 [0m4.038 ms - 2613[0m
[0mGET /css/style.css [32m200 [0m1.254 ms - 76[0m
[0mGET /favicon.ico [36m304 [0m0.624 ms - -[0m
[0mGET /favicon.ico [36m304 [0m0.627 ms - -[0m
[0mGET /inscription [32m200 [0m2.963 ms - 2621[0m
[0mGET /css/style.css [32m200 [0m3.360 ms - 76[0m
[0mGET /favicon.ico [36m304 [0m0.694 ms - -[0m
[0mGET /favicon.ico [36m304 [0m0.911 ms - -[0m
[0mGET /inscription [32m200 [0m29.087 ms - 2621[0m
[0mGET /css/style.css [32m200 [0m15.281 ms - 76[0m
[0mGET /favicon.ico [36m304 [0m2.407 ms - -[0m
[0mGET /favicon.ico [36m304 [0m0.805 ms - -[0m
[0mGET /inscription [32m200 [0m4.520 ms - 2614[0m
[0mGET /css/style.css [32m200 [0m1.712 ms - 76[0m
[0mGET /favicon.ico [36m304 [0m0.617 ms - -[0m
[0mGET /favicon.ico [36m304 [0m0.681 ms - -[0m
[0mGET /inscription [32m200 [0m3.208 ms - 1316[0m
[0mGET /css/style.css [32m200 [0m1.343 ms - 76[0m
[0mGET /js/script.js [32m200 [0m1.346 ms - 710[0m
[0mGET /favicon.ico [36m304 [0m0.903 ms - -[0m
[0mGET /favicon.ico [36m304 [0m3.812 ms - -[0m
