[0mGET / [32m200 [0m138.563 ms - 888[0m
[0mGET /css/style.css [32m200 [0m53.132 ms - 76[0m
[0mGET /favicon.ico [32m200 [0m9.830 ms - 1150[0m
[0mGET /favicon.ico [36m304 [0m8.661 ms - -[0m
[0mGET / [36m304 [0m33.157 ms - -[0m
[0mGET /css/style.css [36m304 [0m2.656 ms - -[0m
[0mGET /favicon.ico [36m304 [0m2.063 ms - -[0m
[0mGET /favicon.ico [36m304 [0m1.933 ms - -[0m
[0mGET /admin/status [32m200 [0m152.518 ms - 1927[0m
[0mGET /css/style.css [32m200 [0m28.198 ms - 76[0m
[0mGET /favicon.ico [36m304 [0m10.297 ms - -[0m
[0mGET /favicon.ico [36m304 [0m2.852 ms - -[0m
[0mGET / [32m200 [0m212.855 ms - 888[0m
[0mGET /css/style.css [32m200 [0m17.284 ms - 76[0m
[0mGET /favicon.ico [32m200 [0m49.611 ms - 1150[0m
[0mGET /favicon.ico [36m304 [0m1.783 ms - -[0m
[0mGET /admin/status [32m200 [0m159.197 ms - 1931[0m
[0mGET /css/style.css [32m200 [0m14.225 ms - 76[0m
[0mGET /favicon.ico [36m304 [0m31.221 ms - -[0m
[0mGET /favicon.ico [36m304 [0m0.973 ms - -[0m
[0mGET /admin/status [32m200 [0m33.233 ms - 1899[0m
[0mGET /css/style.css [32m200 [0m6.023 ms - 76[0m
[0mGET /favicon.ico [36m304 [0m1.864 ms - -[0m
[0mGET /favicon.ico [36m304 [0m0.789 ms - -[0m
[0mGET /admin/status [32m200 [0m34.389 ms - 1919[0m
[0mGET /css/style.css [32m200 [0m15.482 ms - 76[0m
[0mGET /favicon.ico [36m304 [0m2.814 ms - -[0m
[0mGET /favicon.ico [36m304 [0m1.204 ms - -[0m
[0mGET /admin/status [31m500 [0m39.077 ms - 1280[0m
[0mGET /favicon.ico [36m304 [0m5.614 ms - -[0m
[0mGET /favicon.ico [36m304 [0m2.081 ms - -[0m
[0mGET /admin/status [31m500 [0m16.607 ms - 1280[0m
[0mGET /favicon.ico [36m304 [0m3.303 ms - -[0m
[0mGET /favicon.ico [36m304 [0m1.670 ms - -[0m
[0mGET /admin/status [32m200 [0m73.712 ms - 1911[0m
[0mGET /css/style.css [32m200 [0m7.355 ms - 76[0m
[0mGET /favicon.ico [36m304 [0m2.051 ms - -[0m
[0mGET /favicon.ico [36m304 [0m0.962 ms - -[0m
[0mGET /admin/status [31m500 [0m18.184 ms - 1275[0m
[0mGET /favicon.ico [36m304 [0m4.565 ms - -[0m
[0mGET /favicon.ico [36m304 [0m1.909 ms - -[0m
[0mGET /admin/status [31m500 [0m16.063 ms - 1275[0m
[0mGET /favicon.ico [36m304 [0m3.717 ms - -[0m
[0mGET /favicon.ico [36m304 [0m1.399 ms - -[0m
[0mGET /admin/status [32m200 [0m34.377 ms - 1899[0m
[0mGET /css/style.css [32m200 [0m7.241 ms - 76[0m
[0mGET /favicon.ico [36m304 [0m1.924 ms - -[0m
[0mGET /favicon.ico [36m304 [0m0.985 ms - -[0m
[0mGET /admin/status [31m500 [0m20.167 ms - 1280[0m
[0mGET /favicon.ico [36m304 [0m4.058 ms - -[0m
[0mGET /favicon.ico [36m304 [0m2.188 ms - -[0m
[0mGET /admin/status [31m500 [0m19.113 ms - 1275[0m
[0mGET /favicon.ico [36m304 [0m5.635 ms - -[0m
[0mGET /favicon.ico [36m304 [0m1.654 ms - -[0m
[0mGET /admin/status [32m200 [0m45.388 ms - 1907[0m
[0mGET /css/style.css [32m200 [0m9.310 ms - 76[0m
[0mGET /favicon.ico [36m304 [0m2.952 ms - -[0m
[0mGET /favicon.ico [36m304 [0m0.873 ms - -[0m
[0mGET /admin/status [0m- [0m- ms - -[0m
[0mGET /admin/status [0m- [0m- ms - -[0m
[0mGET /admin/status [0m- [0m- ms - -[0m
[0mGET /admin/status [32m200 [0m76.677 ms - 1927[0m
[0mGET /css/style.css [32m200 [0m115.803 ms - 76[0m
[0mGET /favicon.ico [36m304 [0m3.307 ms - -[0m
[0mGET /favicon.ico [36m304 [0m1.287 ms - -[0m
[0mGET /admin/status [32m200 [0m39.044 ms - 1931[0m
[0mGET /css/style.css [32m200 [0m5.818 ms - 76[0m
[0mGET /favicon.ico [36m304 [0m5.968 ms - -[0m
[0mGET /favicon.ico [36m304 [0m1.013 ms - -[0m
[0mGET /admin/status [0m- [0m- ms - -[0m
[0mGET /admin/status [31m500 [0m37.798 ms - 1254[0m
[0mGET /favicon.ico [36m304 [0m4.001 ms - -[0m
[0mGET /favicon.ico [36m304 [0m1.057 ms - -[0m
[0mGET /admin/status [32m200 [0m35.225 ms - 2035[0m
[0mGET /css/style.css [32m200 [0m5.678 ms - 76[0m
[0mGET /favicon.ico [36m304 [0m2.113 ms - -[0m
[0mGET /favicon.ico [36m304 [0m1.412 ms - -[0m
[0mGET /admin/status [32m200 [0m6.753 ms - 1903[0m
[0mGET /css/style.css [32m200 [0m2.820 ms - 76[0m
[0mGET /favicon.ico [36m304 [0m2.482 ms - -[0m
[0mGET /favicon.ico [36m304 [0m0.614 ms - -[0m
[0mGET /admin/status [32m200 [0m5.625 ms - 1903[0m
[0mGET /css/style.css [32m200 [0m1.337 ms - 76[0m
[0mGET /favicon.ico [36m304 [0m1.203 ms - -[0m
[0mGET /favicon.ico [36m304 [0m0.544 ms - -[0m
[0mGET /admin/status [32m200 [0m35.604 ms - 1903[0m
[0mGET /css/style.css [32m200 [0m6.811 ms - 76[0m
[0mGET /favicon.ico [36m304 [0m2.306 ms - -[0m
[0mGET /favicon.ico [36m304 [0m1.045 ms - -[0m
[0mGET /admin/status [32m200 [0m7.748 ms - 1935[0m
[0mGET /css/style.css [32m200 [0m3.034 ms - 76[0m
[0mGET /favicon.ico [36m304 [0m0.665 ms - -[0m
[0mGET /favicon.ico [36m304 [0m0.572 ms - -[0m
[0mGET /admin/status [31m500 [0m38.679 ms - 1939[0m
[0mGET /favicon.ico [36m304 [0m4.872 ms - -[0m
[0mGET /favicon.ico [36m304 [0m1.004 ms - -[0m
[0mGET /admin/status [32m200 [0m9.559 ms - 1922[0m
[0mGET /css/style.css [32m200 [0m4.178 ms - 76[0m
[0mGET /favicon.ico [36m304 [0m0.582 ms - -[0m
[0mGET /favicon.ico [36m304 [0m0.809 ms - -[0m
[0mGET /admin/status [31m500 [0m42.864 ms - 1927[0m
[0mGET /favicon.ico [36m304 [0m7.071 ms - -[0m
[0mGET /favicon.ico [36m304 [0m1.237 ms - -[0m
[0mGET /admin/status [31m500 [0m6.594 ms - 1934[0m
[0mGET /favicon.ico [36m304 [0m0.559 ms - -[0m
[0mGET /favicon.ico [36m304 [0m1.112 ms - -[0m
[0mGET /admin/status [31m500 [0m9.118 ms - 1934[0m
[0mGET /favicon.ico [36m304 [0m0.690 ms - -[0m
[0mGET /favicon.ico [36m304 [0m0.618 ms - -[0m
[0mGET /admin/status [31m500 [0m4.379 ms - 1236[0m
[0mGET /favicon.ico [36m304 [0m0.961 ms - -[0m
[0mGET /favicon.ico [36m304 [0m1.383 ms - -[0m
[0mGET /admin/status [31m500 [0m3.482 ms - 1236[0m
[0mGET /favicon.ico [36m304 [0m1.394 ms - -[0m
[0mGET /favicon.ico [36m304 [0m0.763 ms - -[0m
[0mGET /admin/status [31m500 [0m7.458 ms - 1236[0m
[0mGET /favicon.ico [36m304 [0m0.559 ms - -[0m
[0mGET /favicon.ico [36m304 [0m1.190 ms - -[0m
[0mGET /admin/status [31m500 [0m4.608 ms - 1947[0m
[0mGET /favicon.ico [36m304 [0m0.675 ms - -[0m
[0mGET /favicon.ico [36m304 [0m1.021 ms - -[0m
[0mGET /admin/status [32m200 [0m44.001 ms - 2219[0m
[0mGET /css/style.css [32m200 [0m5.833 ms - 76[0m
[0mGET /favicon.ico [36m304 [0m3.876 ms - -[0m
[0mGET /favicon.ico [36m304 [0m1.117 ms - -[0m
[0mGET /admin/status [32m200 [0m6.348 ms - 2215[0m
[0mGET /css/style.css [32m200 [0m1.867 ms - 76[0m
[0mGET /favicon.ico [36m304 [0m0.843 ms - -[0m
[0mGET /favicon.ico [36m304 [0m0.691 ms - -[0m
[0mGET /admin/status [32m200 [0m3.667 ms - 2271[0m
[0mGET /css/style.css [32m200 [0m1.033 ms - 76[0m
[0mGET /favicon.ico [36m304 [0m1.393 ms - -[0m
[0mGET /favicon.ico [36m304 [0m0.700 ms - -[0m
[0mGET /admin/status [32m200 [0m4.822 ms - 2099[0m
[0mGET /css/style.css [32m200 [0m1.475 ms - 76[0m
[0mGET /favicon.ico [36m304 [0m2.507 ms - -[0m
[0mGET /favicon.ico [36m304 [0m1.490 ms - -[0m
[0mGET /admin/status [32m200 [0m4.512 ms - 2279[0m
[0mGET /css/style.css [32m200 [0m2.558 ms - 76[0m
[0mGET /favicon.ico [36m304 [0m0.930 ms - -[0m
[0mGET /favicon.ico [36m304 [0m1.797 ms - -[0m
[0mGET /admin/status [31m500 [0m37.596 ms - 1962[0m
[0mGET /favicon.ico [36m304 [0m5.079 ms - -[0m
[0mGET /favicon.ico [36m304 [0m1.856 ms - -[0m
[0mGET /admin/status [32m200 [0m37.370 ms - 2267[0m
[0mGET /css/style.css [32m200 [0m7.990 ms - 76[0m
[0mGET /favicon.ico [36m304 [0m4.559 ms - -[0m
[0mGET /favicon.ico [36m304 [0m0.915 ms - -[0m
[0mGET /admin/status [32m200 [0m5.638 ms - 2127[0m
[0mGET /css/style.css [32m200 [0m2.453 ms - 76[0m
[0mGET /favicon.ico [36m304 [0m0.551 ms - -[0m
[0mGET /favicon.ico [36m304 [0m0.544 ms - -[0m
[0mGET /admin/status [32m200 [0m4.005 ms - 2127[0m
[0mGET /css/style.css [32m200 [0m1.099 ms - 76[0m
[0mGET /favicon.ico [36m304 [0m0.782 ms - -[0m
[0mGET /favicon.ico [36m304 [0m0.669 ms - -[0m
[0mGET /admin/status [32m200 [0m4.789 ms - 2115[0m
[0mGET /css/style.css [32m200 [0m1.437 ms - 76[0m
[0mGET /favicon.ico [36m304 [0m0.533 ms - -[0m
[0mGET /favicon.ico [36m304 [0m1.204 ms - -[0m
[0mGET /admin/status [32m200 [0m40.600 ms - 2443[0m
[0mGET /css/style.css [32m200 [0m7.078 ms - 76[0m
[0mGET /favicon.ico [36m304 [0m2.289 ms - -[0m
[0mGET /favicon.ico [36m304 [0m0.897 ms - -[0m
[0mGET /admin/status [32m200 [0m33.660 ms - 2383[0m
[0mGET /css/style.css [32m200 [0m6.724 ms - 76[0m
[0mGET /favicon.ico [36m304 [0m2.096 ms - -[0m
[0mGET /favicon.ico [36m304 [0m0.802 ms - -[0m
[0mGET /admin/status [31m500 [0m11.037 ms - 1926[0m
[0mGET /favicon.ico [36m304 [0m0.707 ms - -[0m
[0mGET /favicon.ico [36m304 [0m2.054 ms - -[0m
[0mGET /admin/status [32m200 [0m4.710 ms - 2435[0m
[0mGET /css/style.css [32m200 [0m1.919 ms - 76[0m
[0mGET /favicon.ico [36m304 [0m0.727 ms - -[0m
[0mGET /favicon.ico [36m304 [0m1.097 ms - -[0m
[0mGET /admin/status [32m200 [0m37.485 ms - 2427[0m
[0mGET /css/style.css [32m200 [0m7.183 ms - 76[0m
[0mGET /favicon.ico [36m304 [0m3.092 ms - -[0m
[0mGET /favicon.ico [36m304 [0m1.145 ms - -[0m
[0mGET /admin/status [32m200 [0m35.080 ms - 2427[0m
[0mGET /css/style.css [32m200 [0m5.765 ms - 76[0m
[0mGET /favicon.ico [36m304 [0m2.468 ms - -[0m
[0mGET /favicon.ico [36m304 [0m1.209 ms - -[0m
[0mGET /admin/status [32m200 [0m6.948 ms - 2391[0m
[0mGET /css/style.css [32m200 [0m1.977 ms - 76[0m
[0mGET /favicon.ico [36m304 [0m0.621 ms - -[0m
[0mGET /favicon.ico [36m304 [0m0.690 ms - -[0m
[0mGET /admin/status [32m200 [0m5.746 ms - 2415[0m
[0mGET /css/style.css [32m200 [0m0.981 ms - 76[0m
[0mGET /favicon.ico [36m304 [0m1.166 ms - -[0m
[0mGET /favicon.ico [36m304 [0m0.642 ms - -[0m
[0mGET /admin/status [32m200 [0m4.781 ms - 2359[0m
[0mGET /css/style.css [32m200 [0m1.537 ms - 76[0m
[0mGET /favicon.ico [36m304 [0m0.809 ms - -[0m
[0mGET /favicon.ico [36m304 [0m1.014 ms - -[0m
[0mGET /admin/status [32m200 [0m38.410 ms - 2355[0m
[0mGET /css/style.css [32m200 [0m5.472 ms - 76[0m
[0mGET /favicon.ico [36m304 [0m3.569 ms - -[0m
[0mGET /favicon.ico [36m304 [0m1.008 ms - -[0m
[0mGET /admin/status [31m500 [0m48.914 ms - 1994[0m
[0mGET /favicon.ico [36m304 [0m3.944 ms - -[0m
[0mGET /favicon.ico [36m304 [0m1.526 ms - -[0m
[0mGET /admin/status [31m500 [0m7.232 ms - 2009[0m
[0mGET /favicon.ico [36m304 [0m1.702 ms - -[0m
[0mGET /favicon.ico [36m304 [0m0.611 ms - -[0m
[0mGET /admin/status [31m500 [0m6.684 ms - 2009[0m
[0mGET /favicon.ico [36m304 [0m0.623 ms - -[0m
[0mGET /favicon.ico [36m304 [0m0.725 ms - -[0m
[0mGET /admin/status [31m500 [0m5.450 ms - 2009[0m
[0mGET /favicon.ico [36m304 [0m2.897 ms - -[0m
[0mGET /favicon.ico [36m304 [0m1.216 ms - -[0m
[0mGET /admin/status [31m500 [0m45.737 ms - 1994[0m
[0mGET /favicon.ico [36m304 [0m3.598 ms - -[0m
[0mGET /favicon.ico [36m304 [0m1.152 ms - -[0m
[0mGET /admin/status [32m200 [0m35.694 ms - 2363[0m
[0mGET /css/style.css [32m200 [0m5.611 ms - 76[0m
[0mGET /favicon.ico [36m304 [0m2.014 ms - -[0m
[0mGET /favicon.ico [36m304 [0m0.813 ms - -[0m
[0mGET /admin/status [32m200 [0m8.281 ms - 3775[0m
[0mGET /css/style.css [32m200 [0m2.084 ms - 76[0m
[0mGET /favicon.ico [36m304 [0m0.883 ms - -[0m
[0mGET /favicon.ico [36m304 [0m0.844 ms - -[0m
[0mGET /admin/status [31m500 [0m6.512 ms - 1247[0m
[0mGET /favicon.ico [36m304 [0m0.622 ms - -[0m
[0mGET /favicon.ico [36m304 [0m0.716 ms - -[0m
[0mGET /admin/status [32m200 [0m6.450 ms - 4349[0m
[0mGET /css/style.css [32m200 [0m2.282 ms - 76[0m
[0mGET /favicon.ico [36m304 [0m0.599 ms - -[0m
[0mGET /favicon.ico [36m304 [0m0.733 ms - -[0m
[0mGET /admin/status [32m200 [0m6.493 ms - 4331[0m
[0mGET /css/style.css [32m200 [0m2.007 ms - 76[0m
[0mGET /favicon.ico [36m304 [0m1.785 ms - -[0m
[0mGET /favicon.ico [36m304 [0m0.599 ms - -[0m
[0mGET /admin/status [32m200 [0m5.195 ms - 4471[0m
[0mGET /css/style.css [32m200 [0m0.887 ms - 76[0m
[0mGET /favicon.ico [36m304 [0m2.231 ms - -[0m
[0mGET /favicon.ico [36m304 [0m0.743 ms - -[0m
[0mGET /admin/status [32m200 [0m3.512 ms - 4155[0m
[0mGET /css/style.css [32m200 [0m3.690 ms - 76[0m
[0mGET /favicon.ico [36m304 [0m0.650 ms - -[0m
[0mGET /favicon.ico [36m304 [0m0.985 ms - -[0m
[0mGET /admin/status [32m200 [0m3.290 ms - 832[0m
[0mGET /css/style.css [32m200 [0m1.545 ms - 76[0m
[0mGET /favicon.ico [36m304 [0m2.150 ms - -[0m
[0mGET /favicon.ico [36m304 [0m0.713 ms - -[0m
[0mGET /admin/status [32m200 [0m43.900 ms - 1277[0m
[0mGET /css/style.css [32m200 [0m6.175 ms - 76[0m
[0mGET /favicon.ico [36m304 [0m2.262 ms - -[0m
[0mGET /favicon.ico [36m304 [0m1.084 ms - -[0m
[0mGET /admin/status [32m200 [0m35.666 ms - 1273[0m
[0mGET /css/style.css [32m200 [0m5.767 ms - 76[0m
[0mGET /favicon.ico [36m304 [0m2.503 ms - -[0m
[0mGET /favicon.ico [36m304 [0m0.810 ms - -[0m
[0mGET /admin/status [32m200 [0m39.060 ms - 1273[0m
[0mGET /css/style.css [32m200 [0m7.050 ms - 76[0m
[0mGET /favicon.ico [36m304 [0m1.770 ms - -[0m
[0mGET /favicon.ico [36m304 [0m0.780 ms - -[0m
[0mGET /admin/status [32m200 [0m6.195 ms - 1282[0m
[0mGET /css/style.css [32m200 [0m2.222 ms - 76[0m
[0mGET /favicon.ico [36m304 [0m0.722 ms - -[0m
[0mGET /favicon.ico [36m304 [0m0.563 ms - -[0m
[0mGET /admin/status [32m200 [0m4.235 ms - 1280[0m
[0mGET /css/style.css [32m200 [0m1.539 ms - 76[0m
[0mGET /favicon.ico [36m304 [0m0.789 ms - -[0m
[0mGET /favicon.ico [36m304 [0m1.837 ms - -[0m
[0mGET /admin/status [31m500 [0m42.101 ms - 1703[0m
[0mGET /favicon.ico [36m304 [0m4.303 ms - -[0m
[0mGET /favicon.ico [36m304 [0m1.220 ms - -[0m
[0mGET /admin/status [32m200 [0m7.108 ms - 1276[0m
[0mGET /css/style.css [32m200 [0m6.253 ms - 76[0m
[0mGET /favicon.ico [36m304 [0m1.257 ms - -[0m
[0mGET /favicon.ico [36m304 [0m1.045 ms - -[0m
[0mGET /admin/status [32m200 [0m4.595 ms - 1283[0m
[0mGET /css/style.css [32m200 [0m2.105 ms - 76[0m
[0mGET /favicon.ico [36m304 [0m0.719 ms - -[0m
[0mGET /favicon.ico [36m304 [0m0.721 ms - -[0m
[0mGET /admin/status [32m200 [0m37.614 ms - 828[0m
[0mGET /css/style.css [32m200 [0m6.113 ms - 76[0m
[0mGET /favicon.ico [36m304 [0m2.382 ms - -[0m
[0mGET /favicon.ico [36m304 [0m0.979 ms - -[0m
[0mGET /admin/status [32m200 [0m5.952 ms - 1275[0m
[0mGET /css/style.css [32m200 [0m2.315 ms - 76[0m
[0mGET /favicon.ico [36m304 [0m0.550 ms - -[0m
[0mGET /favicon.ico [36m304 [0m0.602 ms - -[0m
[0mGET /admin/status [32m200 [0m3.731 ms - 1282[0m
[0mGET /css/style.css [32m200 [0m0.925 ms - 76[0m
[0mGET /favicon.ico [36m304 [0m0.826 ms - -[0m
[0mGET /favicon.ico [36m304 [0m0.569 ms - -[0m
[0mGET /admin/status [32m200 [0m4.909 ms - 1275[0m
[0mGET /css/style.css [32m200 [0m0.970 ms - 76[0m
[0mGET /favicon.ico [36m304 [0m0.684 ms - -[0m
[0mGET /favicon.ico [36m304 [0m0.956 ms - -[0m
[0mGET /admin/status [32m200 [0m6.180 ms - 1274[0m
[0mGET /css/style.css [32m200 [0m2.042 ms - 76[0m
[0mGET /favicon.ico [36m304 [0m0.717 ms - -[0m
[0mGET /favicon.ico [36m304 [0m0.962 ms - -[0m
[0mGET /admin/status [32m200 [0m5.011 ms - 820[0m
[0mGET /css/style.css [32m200 [0m1.965 ms - 76[0m
[0mGET /favicon.ico [36m304 [0m0.800 ms - -[0m
[0mGET /favicon.ico [36m304 [0m0.979 ms - -[0m
[0mGET /admin/status [31m500 [0m7.025 ms - 1247[0m
[0mGET /favicon.ico [36m304 [0m0.596 ms - -[0m
[0mGET /favicon.ico [36m304 [0m1.257 ms - -[0m
[0mGET /admin/status [32m200 [0m4.208 ms - 2201[0m
[0mGET /css/style.css [32m200 [0m1.531 ms - 76[0m
[0mGET /favicon.ico [36m304 [0m0.999 ms - -[0m
[0mGET /favicon.ico [36m304 [0m0.776 ms - -[0m
[0mGET /admin/status [32m200 [0m10.222 ms - 1275[0m
[0mGET /css/style.css [32m200 [0m1.093 ms - 76[0m
[0mGET /favicon.ico [36m304 [0m0.640 ms - -[0m
[0mGET /favicon.ico [36m304 [0m1.601 ms - -[0m
[0mGET /admin/status [31m500 [0m6.297 ms - 1833[0m
[0mGET /favicon.ico [36m304 [0m1.017 ms - -[0m
[0mGET /favicon.ico [36m304 [0m4.095 ms - -[0m
[0mGET /admin/status [32m200 [0m39.267 ms - 3974[0m
[0mGET /css/style.css [32m200 [0m7.798 ms - 76[0m
[0mGET /favicon.ico [36m304 [0m1.683 ms - -[0m
[0mGET /favicon.ico [36m304 [0m0.785 ms - -[0m
[0mGET /admin/status [32m200 [0m6.098 ms - 4038[0m
[0mGET /css/style.css [32m200 [0m2.655 ms - 76[0m
[0mGET /favicon.ico [36m304 [0m0.931 ms - -[0m
[0mGET /favicon.ico [36m304 [0m1.072 ms - -[0m
[0mGET /admin/status [32m200 [0m5.039 ms - 4082[0m
[0mGET /css/style.css [32m200 [0m1.498 ms - 76[0m
[0mGET /favicon.ico [36m304 [0m0.703 ms - -[0m
[0mGET /favicon.ico [36m304 [0m0.574 ms - -[0m
[0mGET /admin/status [32m200 [0m7.221 ms - 4082[0m
[0mGET /css/style.css [36m304 [0m1.297 ms - -[0m
[0mGET /favicon.ico [36m304 [0m0.736 ms - -[0m
[0mGET /favicon.ico [36m304 [0m1.091 ms - -[0m
[0mGET /admin/status [32m200 [0m4.359 ms - 4094[0m
[0mGET /css/style.css [36m304 [0m1.929 ms - -[0m
[0mGET /favicon.ico [36m304 [0m0.639 ms - -[0m
[0mGET /favicon.ico [36m304 [0m0.655 ms - -[0m
[0mGET /admin/status [32m200 [0m6.277 ms - 4082[0m
[0mGET /css/style.css [32m200 [0m1.436 ms - 76[0m
[0mGET /favicon.ico [36m304 [0m0.529 ms - -[0m
[0mGET /favicon.ico [36m304 [0m0.759 ms - -[0m
[0mGET /admin/status [31m500 [0m9.298 ms - 1968[0m
[0mGET /favicon.ico [36m304 [0m0.997 ms - -[0m
[0mGET /favicon.ico [36m304 [0m0.578 ms - -[0m
[0mGET /admin/status [31m500 [0m8.328 ms - 1969[0m
[0mGET /favicon.ico [36m304 [0m0.644 ms - -[0m
[0mGET /favicon.ico [36m304 [0m0.831 ms - -[0m
[0mGET /admin/status [32m200 [0m4.149 ms - 2967[0m
[0mGET /css/style.css [32m200 [0m1.443 ms - 76[0m
[0mGET /favicon.ico [36m304 [0m1.320 ms - -[0m
[0mGET /favicon.ico [36m304 [0m0.817 ms - -[0m
