[0mGET / [36m304 [0m117.079 ms - -[0m
[0mGET /favicon.ico [36m304 [0m21.932 ms - -[0m
[0mGET /favicon.ico [36m304 [0m5.546 ms - -[0m
[0mGET / [32m200 [0m18.624 ms - 577[0m
[0mGET /favicon.ico [36m304 [0m1.959 ms - -[0m
[0mGET /favicon.ico [36m304 [0m1.933 ms - -[0m
[0mGET / [32m200 [0m124.532 ms - 577[0m
[0mGET /favicon.ico [36m304 [0m24.144 ms - -[0m
[0mGET /favicon.ico [36m304 [0m6.864 ms - -[0m
[0mGET / [32m200 [0m19.120 ms - 638[0m
[0mGET /favicon.ico [36m304 [0m2.509 ms - -[0m
[0mGET /favicon.ico [36m304 [0m2.442 ms - -[0m
[0mGET / [32m200 [0m8.125 ms - 638[0m
[0mGET /favicon.ico [36m304 [0m2.642 ms - -[0m
[0mGET /favicon.ico [36m304 [0m2.509 ms - -[0m
[0mGET / [32m200 [0m7.912 ms - 661[0m
[0mGET /favicon.ico [36m304 [0m2.413 ms - -[0m
[0mGET /favicon.ico [36m304 [0m2.444 ms - -[0m
[0mGET / [32m200 [0m110.707 ms - 661[0m
[0mGET / [32m200 [0m25.617 ms - 661[0m
[0mGET / [32m200 [0m130.741 ms - 763[0m
[0mGET /style.css [33m404 [0m23.165 ms - 70[0m
[0mGET /status [33m404 [0m13.065 ms - 70[0m
[0mGET /statut [33m404 [0m5.887 ms - 70[0m
[0mGET /admin/status [32m200 [0m125.231 ms - 971[0m
[0mGET /admin/status [32m200 [0m30.631 ms - 987[0m
[0mGET /admin/status [32m200 [0m14.150 ms - 980[0m
[0mGET /admin/status [32m200 [0m11.239 ms - 986[0m
[0mGET /admin/style.css [33m404 [0m10.314 ms - 70[0m
[0mGET /admin/status [32m200 [0m11.256 ms - 974[0m
[0mGET /admin/status [32m200 [0m11.276 ms - 983[0m
[0mGET /css/style.css [32m200 [0m39.155 ms - 76[0m
[0mGET /admin/status [32m200 [0m13.529 ms - 991[0m
[0mGET /css/style.css [36m304 [0m15.845 ms - -[0m
[0mGET /admin/status [32m200 [0m10.290 ms - 983[0m
[0mGET /css/style.css [36m304 [0m3.540 ms - -[0m
[0mGET / [32m200 [0m12.036 ms - 768[0m
[0mGET /css/style.css [36m304 [0m7.483 ms - -[0m
[0mGET / [32m200 [0m10.122 ms - 768[0m
[0mGET /admin/status [32m200 [0m126.418 ms - 983[0m
[0mGET /css/style.css [36m304 [0m21.914 ms - -[0m
[0mGET /inscription [31m500 [0m50.027 ms - 1122[0m
[0mGET /inscription [32m200 [0m17.514 ms - 0[0m
[0mGET /admin/status [32m200 [0m13.382 ms - 987[0m
[0mGET /css/style.css [36m304 [0m4.275 ms - -[0m
[0mGET / [36m304 [0m13.972 ms - -[0m
[0mGET /css/style.css [36m304 [0m3.752 ms - -[0m
[0mGET / [32m200 [0m5.988 ms - 768[0m
[0mGET /inscription [32m200 [0m117.556 ms - 552[0m
[0mGET /css/style.css [36m304 [0m22.247 ms - -[0m
[0mGET /inscription [32m200 [0m21.972 ms - 572[0m
[0mGET /css/style.css [36m304 [0m4.584 ms - -[0m
[0mGET /inscription [32m200 [0m8.259 ms - 641[0m
[0mGET /css/style.css [36m304 [0m2.500 ms - -[0m
[0mGET /inscription [32m200 [0m12.972 ms - 666[0m
[0mGET /css/style.css [36m304 [0m4.378 ms - -[0m
[0mGET /inscription [32m200 [0m11.225 ms - 666[0m
[0mGET /css/style.css [32m200 [0m26.461 ms - 76[0m
[0mGET /inscription [32m200 [0m9.066 ms - 666[0m
[0mGET /css/style.css [32m200 [0m11.552 ms - 76[0m
[0mGET / [36m304 [0m18.500 ms - -[0m
[0mGET /css/style.css [36m304 [0m3.093 ms - -[0m
[0mGET / [32m200 [0m6.226 ms - 768[0m
[0mGET /admin [36m304 [0m15.940 ms - -[0m
[0mGET /admin/status [32m200 [0m24.422 ms - 987[0m
[0mGET /css/style.css [36m304 [0m2.921 ms - -[0m
[0mGET /admin/statusa [33m404 [0m9.158 ms - 70[0m
[0mGET /admin/status [32m200 [0m11.508 ms - 983[0m
[0mGET /css/style.css [36m304 [0m5.413 ms - -[0m
[0mGET / [36m304 [0m6.477 ms - -[0m
[0mGET /css/style.css [36m304 [0m2.584 ms - -[0m
[0mGET / [32m200 [0m6.342 ms - 768[0m
[0mGET /admin/status [32m200 [0m10.885 ms - 979[0m
[0mGET /css/style.css [36m304 [0m2.726 ms - -[0m
[0mGET /admin/status [32m200 [0m8.175 ms - 983[0m
[0mGET /css/style.css [36m304 [0m4.424 ms - -[0m
[0mGET /admin/status [32m200 [0m11.966 ms - 987[0m
[0mGET /css/style.css [36m304 [0m16.763 ms - -[0m
[0mGET /admin/status [32m200 [0m14.629 ms - 987[0m
[0mGET /css/style.css [36m304 [0m2.636 ms - -[0m
